<?xml version="1.0" encoding="UTF-8"?>
<coverage generated="1684157036619" clover="3.2.0">
  <project timestamp="1684157036619" name="All files">
    <metrics statements="22" coveredstatements="11" conditionals="8" coveredconditionals="0" methods="1" coveredmethods="1" elements="31" coveredelements="12" complexity="0" loc="22" ncloc="22" packages="2" files="2" classes="2"/>
    <package name="api.handlers.users">
      <metrics statements="18" coveredstatements="7" conditionals="8" coveredconditionals="0" methods="1" coveredmethods="1"/>
      <file name="login.js" path="D:\React-application-project\videochat\src\api\handlers\users\login.js">
        <metrics statements="18" coveredstatements="7" conditionals="8" coveredconditionals="0" methods="1" coveredmethods="1"/>
        <line num="1" count="1" type="stmt"/>
        <line num="2" count="1" type="stmt"/>
        <line num="4" count="1" type="stmt"/>
        <line num="5" count="1" type="stmt"/>
        <line num="6" count="1" type="stmt"/>
        <line num="7" count="0" type="cond" truecount="0" falsecount="2"/>
        <line num="8" count="0" type="stmt"/>
        <line num="13" count="0" type="cond" truecount="0" falsecount="2"/>
        <line num="14" count="0" type="stmt"/>
        <line num="19" count="0" type="stmt"/>
        <line num="21" count="0" type="cond" truecount="0" falsecount="2"/>
        <line num="22" count="0" type="stmt"/>
        <line num="27" count="0" type="cond" truecount="0" falsecount="2"/>
        <line num="28" count="0" type="stmt"/>
        <line num="33" count="0" type="stmt"/>
        <line num="41" count="0" type="stmt"/>
        <line num="43" count="1" type="stmt"/>
        <line num="44" count="1" type="stmt"/>
      </file>
    </package>
    <package name="models">
      <metrics statements="4" coveredstatements="4" conditionals="0" coveredconditionals="0" methods="0" coveredmethods="0"/>
      <file name="users.js" path="D:\React-application-project\videochat\src\models\users.js">
        <metrics statements="4" coveredstatements="4" conditionals="0" coveredconditionals="0" methods="0" coveredmethods="0"/>
        <line num="1" count="1" type="stmt"/>
        <line num="3" count="1" type="stmt"/>
        <line num="30" count="1" type="stmt"/>
        <line num="32" count="1" type="stmt"/>
      </file>
    </package>
  </project>
</coverage>
