{"D:\\React-application-project\\videochat\\server.js": {"path":"D:\\React-application-project\\videochat\\server.js","statementMap":{"0":{"start":{"line":1,"column":13},"end":{"line":1,"column":28}},"1":{"start":{"line":2,"column":16},"end":{"line":2,"column":34}},"2":{"start":{"line":3,"column":19},"end":{"line":3,"column":41}},"3":{"start":{"line":4,"column":14},"end":{"line":4,"column":45}},"4":{"start":{"line":5,"column":23},"end":{"line":5,"column":67}},"5":{"start":{"line":6,"column":15},"end":{"line":6,"column":38}},"6":{"start":{"line":7,"column":16},"end":{"line":7,"column":47}},"7":{"start":{"line":8,"column":19},"end":{"line":8,"column":46}},"8":{"start":{"line":9,"column":19},"end":{"line":9,"column":37}},"9":{"start":{"line":10,"column":13},"end":{"line":10,"column":28}},"10":{"start":{"line":11,"column":30},"end":{"line":11,"column":45}},"11":{"start":{"line":12,"column":0},"end":{"line":12,"column":27}},"12":{"start":{"line":14,"column":12},"end":{"line":14,"column":21}},"13":{"start":{"line":15,"column":15},"end":{"line":15,"column":48}},"14":{"start":{"line":16,"column":11},"end":{"line":16,"column":39}},"15":{"start":{"line":17,"column":13},"end":{"line":17,"column":34}},"16":{"start":{"line":19,"column":18},"end":{"line":19,"column":38}},"17":{"start":{"line":20,"column":12},"end":{"line":20,"column":32}},"18":{"start":{"line":22,"column":0},"end":{"line":22,"column":27}},"19":{"start":{"line":23,"column":0},"end":{"line":23,"column":15}},"20":{"start":{"line":25,"column":0},"end":{"line":25,"column":55}},"21":{"start":{"line":27,"column":14},"end":{"line":40,"column":1}},"22":{"start":{"line":28,"column":4},"end":{"line":28,"column":50}},"23":{"start":{"line":30,"column":4},"end":{"line":30,"column":24}},"24":{"start":{"line":32,"column":4},"end":{"line":32,"column":30}},"25":{"start":{"line":34,"column":4},"end":{"line":34,"column":37}},"26":{"start":{"line":35,"column":4},"end":{"line":37,"column":6}},"27":{"start":{"line":36,"column":8},"end":{"line":36,"column":64}},"28":{"start":{"line":39,"column":4},"end":{"line":39,"column":15}},"29":{"start":{"line":44,"column":22},"end":{"line":44,"column":40}},"30":{"start":{"line":46,"column":4},"end":{"line":46,"column":96}},"31":{"start":{"line":46,"column":53},"end":{"line":46,"column":94}},"32":{"start":{"line":50,"column":4},"end":{"line":52,"column":7}},"33":{"start":{"line":55,"column":0},"end":{"line":122,"column":3}},"34":{"start":{"line":56,"column":4},"end":{"line":56,"column":21}},"35":{"start":{"line":58,"column":4},"end":{"line":82,"column":6}},"36":{"start":{"line":59,"column":33},"end":{"line":59,"column":39}},"37":{"start":{"line":60,"column":39},"end":{"line":60,"column":45}},"38":{"start":{"line":62,"column":8},"end":{"line":64,"column":9}},"39":{"start":{"line":63,"column":12},"end":{"line":63,"column":63}},"40":{"start":{"line":66,"column":24},"end":{"line":66,"column":78}},"41":{"start":{"line":68,"column":8},"end":{"line":78,"column":10}},"42":{"start":{"line":69,"column":12},"end":{"line":72,"column":14}},"43":{"start":{"line":74,"column":12},"end":{"line":77,"column":14}},"44":{"start":{"line":80,"column":8},"end":{"line":80,"column":28}},"45":{"start":{"line":81,"column":8},"end":{"line":81,"column":25}},"46":{"start":{"line":85,"column":26},"end":{"line":85,"column":32}},"47":{"start":{"line":87,"column":8},"end":{"line":100,"column":10}},"48":{"start":{"line":88,"column":28},"end":{"line":88,"column":82}},"49":{"start":{"line":90,"column":12},"end":{"line":98,"column":14}},"50":{"start":{"line":91,"column":16},"end":{"line":93,"column":18}},"51":{"start":{"line":95,"column":16},"end":{"line":97,"column":18}},"52":{"start":{"line":99,"column":12},"end":{"line":99,"column":33}},"53":{"start":{"line":101,"column":8},"end":{"line":101,"column":25}},"54":{"start":{"line":104,"column":4},"end":{"line":104,"column":40}},"55":{"start":{"line":105,"column":4},"end":{"line":105,"column":41}},"56":{"start":{"line":107,"column":4},"end":{"line":112,"column":6}},"57":{"start":{"line":108,"column":8},"end":{"line":111,"column":10}},"58":{"start":{"line":114,"column":4},"end":{"line":119,"column":6}},"59":{"start":{"line":115,"column":8},"end":{"line":118,"column":10}},"60":{"start":{"line":121,"column":4},"end":{"line":121,"column":37}},"61":{"start":{"line":124,"column":0},"end":{"line":126,"column":2}},"62":{"start":{"line":125,"column":4},"end":{"line":125,"column":44}},"63":{"start":{"line":128,"column":0},"end":{"line":128,"column":25}}},"fnMap":{"0":{"name":"(anonymous_0)","decl":{"start":{"line":27,"column":14},"end":{"line":27,"column":15}},"loc":{"start":{"line":27,"column":26},"end":{"line":40,"column":1}},"line":27},"1":{"name":"(anonymous_1)","decl":{"start":{"line":35,"column":17},"end":{"line":35,"column":18}},"loc":{"start":{"line":35,"column":31},"end":{"line":37,"column":5}},"line":35},"2":{"name":"getClientRooms","decl":{"start":{"line":43,"column":9},"end":{"line":43,"column":23}},"loc":{"start":{"line":43,"column":26},"end":{"line":47,"column":1}},"line":43},"3":{"name":"(anonymous_3)","decl":{"start":{"line":46,"column":43},"end":{"line":46,"column":44}},"loc":{"start":{"line":46,"column":53},"end":{"line":46,"column":94}},"line":46},"4":{"name":"shareRoomsInfo","decl":{"start":{"line":49,"column":9},"end":{"line":49,"column":23}},"loc":{"start":{"line":49,"column":26},"end":{"line":53,"column":1}},"line":49},"5":{"name":"(anonymous_5)","decl":{"start":{"line":55,"column":20},"end":{"line":55,"column":21}},"loc":{"start":{"line":55,"column":30},"end":{"line":122,"column":1}},"line":55},"6":{"name":"(anonymous_6)","decl":{"start":{"line":58,"column":28},"end":{"line":58,"column":29}},"loc":{"start":{"line":58,"column":38},"end":{"line":82,"column":5}},"line":58},"7":{"name":"(anonymous_7)","decl":{"start":{"line":68,"column":24},"end":{"line":68,"column":25}},"loc":{"start":{"line":68,"column":36},"end":{"line":78,"column":9}},"line":68},"8":{"name":"leaveRoom","decl":{"start":{"line":84,"column":13},"end":{"line":84,"column":22}},"loc":{"start":{"line":84,"column":25},"end":{"line":102,"column":5}},"line":84},"9":{"name":"(anonymous_9)","decl":{"start":{"line":87,"column":34},"end":{"line":87,"column":35}},"loc":{"start":{"line":87,"column":44},"end":{"line":100,"column":9}},"line":87},"10":{"name":"(anonymous_10)","decl":{"start":{"line":90,"column":28},"end":{"line":90,"column":29}},"loc":{"start":{"line":90,"column":40},"end":{"line":98,"column":13}},"line":90},"11":{"name":"(anonymous_11)","decl":{"start":{"line":107,"column":33},"end":{"line":107,"column":34}},"loc":{"start":{"line":107,"column":69},"end":{"line":112,"column":5}},"line":107},"12":{"name":"(anonymous_12)","decl":{"start":{"line":114,"column":33},"end":{"line":114,"column":34}},"loc":{"start":{"line":114,"column":63},"end":{"line":119,"column":5}},"line":114},"13":{"name":"(anonymous_13)","decl":{"start":{"line":124,"column":20},"end":{"line":124,"column":21}},"loc":{"start":{"line":124,"column":26},"end":{"line":126,"column":1}},"line":124}},"branchMap":{"0":{"loc":{"start":{"line":46,"column":53},"end":{"line":46,"column":94}},"type":"binary-expr","locations":[{"start":{"line":46,"column":53},"end":{"line":46,"column":69}},{"start":{"line":46,"column":73},"end":{"line":46,"column":94}}],"line":46},"1":{"loc":{"start":{"line":62,"column":8},"end":{"line":64,"column":9}},"type":"if","locations":[{"start":{"line":62,"column":8},"end":{"line":64,"column":9}},{"start":{},"end":{}}],"line":62},"2":{"loc":{"start":{"line":66,"column":35},"end":{"line":66,"column":77}},"type":"binary-expr","locations":[{"start":{"line":66,"column":35},"end":{"line":66,"column":71}},{"start":{"line":66,"column":75},"end":{"line":66,"column":77}}],"line":66},"3":{"loc":{"start":{"line":88,"column":39},"end":{"line":88,"column":81}},"type":"binary-expr","locations":[{"start":{"line":88,"column":39},"end":{"line":88,"column":75}},{"start":{"line":88,"column":79},"end":{"line":88,"column":81}}],"line":88}},"s":{"0":1,"1":1,"2":1,"3":1,"4":1,"5":1,"6":1,"7":1,"8":1,"9":1,"10":1,"11":1,"12":1,"13":1,"14":1,"15":1,"16":1,"17":1,"18":1,"19":1,"20":1,"21":1,"22":1,"23":0,"24":0,"25":0,"26":0,"27":0,"28":0,"29":0,"30":0,"31":0,"32":0,"33":1,"34":0,"35":0,"36":0,"37":0,"38":0,"39":0,"40":0,"41":0,"42":0,"43":0,"44":0,"45":0,"46":0,"47":0,"48":0,"49":0,"50":0,"51":0,"52":0,"53":0,"54":0,"55":0,"56":0,"57":0,"58":0,"59":0,"60":0,"61":1,"62":0,"63":1},"f":{"0":1,"1":0,"2":0,"3":0,"4":0,"5":0,"6":0,"7":0,"8":0,"9":0,"10":0,"11":0,"12":0,"13":0},"b":{"0":[0,0],"1":[0,0],"2":[0,0],"3":[0,0]},"_coverageSchema":"1a1c01bbd47fc00a2c39e90264f33305004495a9","hash":"ec66564c48739b01aa70d43b1a837a245ce3b12b"}
,"D:\\React-application-project\\videochat\\src\\Socket\\actions.js": {"path":"D:\\React-application-project\\videochat\\src\\Socket\\actions.js","statementMap":{"0":{"start":{"line":1,"column":16},"end":{"line":11,"column":1}},"1":{"start":{"line":13,"column":0},"end":{"line":13,"column":25}}},"fnMap":{},"branchMap":{},"s":{"0":1,"1":1},"f":{},"b":{},"_coverageSchema":"1a1c01bbd47fc00a2c39e90264f33305004495a9","hash":"36fd75b1cbb1806b6c98991af8d2d14a920c8540"}
,"D:\\React-application-project\\videochat\\src\\Socket\\index.js": {"path":"D:\\React-application-project\\videochat\\src\\Socket\\index.js","statementMap":{"0":{"start":{"line":1,"column":11},"end":{"line":1,"column":38}},"1":{"start":{"line":3,"column":16},"end":{"line":8,"column":1}},"2":{"start":{"line":10,"column":15},"end":{"line":10,"column":52}},"3":{"start":{"line":12,"column":0},"end":{"line":14,"column":1}}},"fnMap":{},"branchMap":{},"s":{"0":1,"1":1,"2":1,"3":1},"f":{},"b":{},"_coverageSchema":"1a1c01bbd47fc00a2c39e90264f33305004495a9","hash":"5d8aa72e78bd379fd4e9c245ea4174d5141837c6"}
,"D:\\React-application-project\\videochat\\src\\api\\appointments.api.js": {"path":"D:\\React-application-project\\videochat\\src\\api\\appointments.api.js","statementMap":{"0":{"start":{"line":1,"column":19},"end":{"line":1,"column":37}},"1":{"start":{"line":3,"column":31},"end":{"line":3,"column":52}},"2":{"start":{"line":4,"column":17},"end":{"line":4,"column":36}},"3":{"start":{"line":6,"column":23},"end":{"line":6,"column":46}},"4":{"start":{"line":8,"column":15},"end":{"line":8,"column":23}},"5":{"start":{"line":10,"column":0},"end":{"line":13,"column":2}},"6":{"start":{"line":15,"column":0},"end":{"line":18,"column":1}},"7":{"start":{"line":20,"column":0},"end":{"line":23,"column":2}},"8":{"start":{"line":25,"column":0},"end":{"line":28,"column":2}},"9":{"start":{"line":30,"column":0},"end":{"line":30,"column":28}}},"fnMap":{},"branchMap":{},"s":{"0":1,"1":1,"2":1,"3":1,"4":1,"5":1,"6":1,"7":1,"8":1,"9":1},"f":{},"b":{},"_coverageSchema":"1a1c01bbd47fc00a2c39e90264f33305004495a9","hash":"198e27e8804ef8acd3a63401c4b5c1e48a926f34"}
,"D:\\React-application-project\\videochat\\src\\api\\index.js": {"path":"D:\\React-application-project\\videochat\\src\\api\\index.js","statementMap":{"0":{"start":{"line":1,"column":19},"end":{"line":1,"column":37}},"1":{"start":{"line":3,"column":17},"end":{"line":3,"column":39}},"2":{"start":{"line":4,"column":17},"end":{"line":4,"column":39}},"3":{"start":{"line":5,"column":24},"end":{"line":5,"column":53}},"4":{"start":{"line":7,"column":15},"end":{"line":7,"column":23}},"5":{"start":{"line":9,"column":0},"end":{"line":9,"column":28}},"6":{"start":{"line":10,"column":0},"end":{"line":10,"column":28}},"7":{"start":{"line":11,"column":0},"end":{"line":11,"column":35}},"8":{"start":{"line":13,"column":0},"end":{"line":13,"column":28}}},"fnMap":{},"branchMap":{},"s":{"0":1,"1":1,"2":1,"3":1,"4":1,"5":1,"6":1,"7":1,"8":1},"f":{},"b":{},"_coverageSchema":"1a1c01bbd47fc00a2c39e90264f33305004495a9","hash":"3f265b5a83e8b3bd8a31b49fb7f7bf4f384ad4f6"}
,"D:\\React-application-project\\videochat\\src\\api\\rooms.api.js": {"path":"D:\\React-application-project\\videochat\\src\\api\\rooms.api.js","statementMap":{"0":{"start":{"line":1,"column":19},"end":{"line":1,"column":37}},"1":{"start":{"line":3,"column":25},"end":{"line":3,"column":46}},"2":{"start":{"line":4,"column":17},"end":{"line":4,"column":36}},"3":{"start":{"line":6,"column":23},"end":{"line":6,"column":46}},"4":{"start":{"line":8,"column":15},"end":{"line":8,"column":23}},"5":{"start":{"line":10,"column":0},"end":{"line":13,"column":2}},"6":{"start":{"line":15,"column":0},"end":{"line":18,"column":2}},"7":{"start":{"line":20,"column":0},"end":{"line":23,"column":2}},"8":{"start":{"line":25,"column":0},"end":{"line":25,"column":68}},"9":{"start":{"line":27,"column":0},"end":{"line":27,"column":77}},"10":{"start":{"line":29,"column":0},"end":{"line":29,"column":28}}},"fnMap":{},"branchMap":{},"s":{"0":1,"1":1,"2":1,"3":1,"4":1,"5":1,"6":1,"7":1,"8":1,"9":1,"10":1},"f":{},"b":{},"_coverageSchema":"1a1c01bbd47fc00a2c39e90264f33305004495a9","hash":"bf60fac68e4e3291744924a6e81fb1e66d81fdb1"}
,"D:\\React-application-project\\videochat\\src\\api\\users.api.js": {"path":"D:\\React-application-project\\videochat\\src\\api\\users.api.js","statementMap":{"0":{"start":{"line":1,"column":19},"end":{"line":1,"column":37}},"1":{"start":{"line":3,"column":25},"end":{"line":3,"column":46}},"2":{"start":{"line":4,"column":17},"end":{"line":4,"column":36}},"3":{"start":{"line":6,"column":23},"end":{"line":6,"column":46}},"4":{"start":{"line":8,"column":15},"end":{"line":8,"column":23}},"5":{"start":{"line":10,"column":0},"end":{"line":10,"column":58}},"6":{"start":{"line":12,"column":0},"end":{"line":15,"column":2}},"7":{"start":{"line":17,"column":0},"end":{"line":20,"column":2}},"8":{"start":{"line":22,"column":0},"end":{"line":25,"column":2}},"9":{"start":{"line":27,"column":0},"end":{"line":27,"column":28}}},"fnMap":{},"branchMap":{},"s":{"0":1,"1":1,"2":1,"3":1,"4":1,"5":1,"6":1,"7":1,"8":1,"9":1},"f":{},"b":{},"_coverageSchema":"1a1c01bbd47fc00a2c39e90264f33305004495a9","hash":"1357a70902d5986b19f8ddbed7f9c223d3e0148e"}
,"D:\\React-application-project\\videochat\\src\\api\\handlers\\index.js": {"path":"D:\\React-application-project\\videochat\\src\\api\\handlers\\index.js","statementMap":{"0":{"start":{"line":1,"column":0},"end":{"line":5,"column":1}}},"fnMap":{},"branchMap":{},"s":{"0":1},"f":{},"b":{},"_coverageSchema":"1a1c01bbd47fc00a2c39e90264f33305004495a9","hash":"fb9932fe3954e28c9a9c38907dd790e2fc2a9fa3"}
,"D:\\React-application-project\\videochat\\src\\api\\handlers\\appointments\\createAppointment.js": {"path":"D:\\React-application-project\\videochat\\src\\api\\handlers\\appointments\\createAppointment.js","statementMap":{"0":{"start":{"line":1,"column":30},"end":{"line":1,"column":69}},"1":{"start":{"line":3,"column":0},"end":{"line":19,"column":2}},"2":{"start":{"line":4,"column":4},"end":{"line":18,"column":5}},"3":{"start":{"line":5,"column":71},"end":{"line":5,"column":79}},"4":{"start":{"line":7,"column":28},"end":{"line":7,"column":105}},"5":{"start":{"line":9,"column":8},"end":{"line":14,"column":9}},"6":{"start":{"line":10,"column":12},"end":{"line":10,"column":37}},"7":{"start":{"line":11,"column":12},"end":{"line":11,"column":42}},"8":{"start":{"line":13,"column":12},"end":{"line":13,"column":35}},"9":{"start":{"line":17,"column":8},"end":{"line":17,"column":71}}},"fnMap":{"0":{"name":"(anonymous_0)","decl":{"start":{"line":3,"column":35},"end":{"line":3,"column":36}},"loc":{"start":{"line":3,"column":55},"end":{"line":19,"column":1}},"line":3}},"branchMap":{"0":{"loc":{"start":{"line":4,"column":4},"end":{"line":18,"column":5}},"type":"if","locations":[{"start":{"line":4,"column":4},"end":{"line":18,"column":5}},{"start":{"line":16,"column":11},"end":{"line":18,"column":5}}],"line":4},"1":{"loc":{"start":{"line":4,"column":8},"end":{"line":4,"column":88}},"type":"binary-expr","locations":[{"start":{"line":4,"column":8},"end":{"line":4,"column":46}},{"start":{"line":4,"column":50},"end":{"line":4,"column":88}}],"line":4}},"s":{"0":1,"1":1,"2":0,"3":0,"4":0,"5":0,"6":0,"7":0,"8":0,"9":0},"f":{"0":0},"b":{"0":[0,0],"1":[0,0]},"_coverageSchema":"1a1c01bbd47fc00a2c39e90264f33305004495a9","hash":"2331182c6f0a53f3ada187ddb97e9c813d04291e"}
,"D:\\React-application-project\\videochat\\src\\api\\handlers\\appointments\\deleteAppointment.js": {"path":"D:\\React-application-project\\videochat\\src\\api\\handlers\\appointments\\deleteAppointment.js","statementMap":{"0":{"start":{"line":1,"column":30},"end":{"line":1,"column":69}},"1":{"start":{"line":3,"column":0},"end":{"line":23,"column":1}},"2":{"start":{"line":4,"column":4},"end":{"line":22,"column":5}},"3":{"start":{"line":5,"column":24},"end":{"line":5,"column":32}},"4":{"start":{"line":6,"column":8},"end":{"line":19,"column":9}},"5":{"start":{"line":7,"column":12},"end":{"line":9,"column":13}},"6":{"start":{"line":8,"column":16},"end":{"line":8,"column":86}},"7":{"start":{"line":10,"column":32},"end":{"line":10,"column":81}},"8":{"start":{"line":12,"column":12},"end":{"line":14,"column":13}},"9":{"start":{"line":13,"column":16},"end":{"line":13,"column":91}},"10":{"start":{"line":16,"column":12},"end":{"line":16,"column":42}},"11":{"start":{"line":18,"column":12},"end":{"line":18,"column":35}},"12":{"start":{"line":21,"column":8},"end":{"line":21,"column":71}}},"fnMap":{"0":{"name":"(anonymous_0)","decl":{"start":{"line":3,"column":35},"end":{"line":3,"column":36}},"loc":{"start":{"line":3,"column":55},"end":{"line":23,"column":1}},"line":3}},"branchMap":{"0":{"loc":{"start":{"line":4,"column":4},"end":{"line":22,"column":5}},"type":"if","locations":[{"start":{"line":4,"column":4},"end":{"line":22,"column":5}},{"start":{"line":20,"column":11},"end":{"line":22,"column":5}}],"line":4},"1":{"loc":{"start":{"line":4,"column":8},"end":{"line":4,"column":88}},"type":"binary-expr","locations":[{"start":{"line":4,"column":8},"end":{"line":4,"column":46}},{"start":{"line":4,"column":50},"end":{"line":4,"column":88}}],"line":4},"2":{"loc":{"start":{"line":7,"column":12},"end":{"line":9,"column":13}},"type":"if","locations":[{"start":{"line":7,"column":12},"end":{"line":9,"column":13}},{"start":{},"end":{}}],"line":7},"3":{"loc":{"start":{"line":12,"column":12},"end":{"line":14,"column":13}},"type":"if","locations":[{"start":{"line":12,"column":12},"end":{"line":14,"column":13}},{"start":{},"end":{}}],"line":12}},"s":{"0":1,"1":1,"2":0,"3":0,"4":0,"5":0,"6":0,"7":0,"8":0,"9":0,"10":0,"11":0,"12":0},"f":{"0":0},"b":{"0":[0,0],"1":[0,0],"2":[0,0],"3":[0,0]},"_coverageSchema":"1a1c01bbd47fc00a2c39e90264f33305004495a9","hash":"c387b18810a9910b3ebae2ba44aeee8fbd895525"}
,"D:\\React-application-project\\videochat\\src\\api\\handlers\\appointments\\getAppointments.js": {"path":"D:\\React-application-project\\videochat\\src\\api\\handlers\\appointments\\getAppointments.js","statementMap":{"0":{"start":{"line":1,"column":30},"end":{"line":1,"column":69}},"1":{"start":{"line":3,"column":0},"end":{"line":27,"column":2}},"2":{"start":{"line":4,"column":4},"end":{"line":11,"column":5}},"3":{"start":{"line":5,"column":8},"end":{"line":10,"column":9}},"4":{"start":{"line":6,"column":33},"end":{"line":6,"column":119}},"5":{"start":{"line":7,"column":12},"end":{"line":7,"column":54}},"6":{"start":{"line":9,"column":12},"end":{"line":9,"column":35}},"7":{"start":{"line":12,"column":4},"end":{"line":26,"column":5}},"8":{"start":{"line":13,"column":8},"end":{"line":25,"column":9}},"9":{"start":{"line":14,"column":34},"end":{"line":14,"column":43}},"10":{"start":{"line":16,"column":28},"end":{"line":16,"column":30}},"11":{"start":{"line":18,"column":12},"end":{"line":20,"column":13}},"12":{"start":{"line":19,"column":16},"end":{"line":19,"column":46}},"13":{"start":{"line":21,"column":33},"end":{"line":21,"column":99}},"14":{"start":{"line":22,"column":12},"end":{"line":22,"column":54}},"15":{"start":{"line":24,"column":12},"end":{"line":24,"column":35}}},"fnMap":{"0":{"name":"(anonymous_0)","decl":{"start":{"line":3,"column":32},"end":{"line":3,"column":33}},"loc":{"start":{"line":3,"column":52},"end":{"line":27,"column":1}},"line":3}},"branchMap":{"0":{"loc":{"start":{"line":4,"column":4},"end":{"line":11,"column":5}},"type":"if","locations":[{"start":{"line":4,"column":4},"end":{"line":11,"column":5}},{"start":{},"end":{}}],"line":4},"1":{"loc":{"start":{"line":12,"column":4},"end":{"line":26,"column":5}},"type":"if","locations":[{"start":{"line":12,"column":4},"end":{"line":26,"column":5}},{"start":{},"end":{}}],"line":12},"2":{"loc":{"start":{"line":12,"column":8},"end":{"line":12,"column":88}},"type":"binary-expr","locations":[{"start":{"line":12,"column":8},"end":{"line":12,"column":46}},{"start":{"line":12,"column":50},"end":{"line":12,"column":88}}],"line":12},"3":{"loc":{"start":{"line":18,"column":12},"end":{"line":20,"column":13}},"type":"if","locations":[{"start":{"line":18,"column":12},"end":{"line":20,"column":13}},{"start":{},"end":{}}],"line":18}},"s":{"0":1,"1":1,"2":0,"3":0,"4":0,"5":0,"6":0,"7":0,"8":0,"9":0,"10":0,"11":0,"12":0,"13":0,"14":0,"15":0},"f":{"0":0},"b":{"0":[0,0],"1":[0,0],"2":[0,0],"3":[0,0]},"_coverageSchema":"1a1c01bbd47fc00a2c39e90264f33305004495a9","hash":"03a3501ad748d385db4ed924a387ce78c56023fa"}
,"D:\\React-application-project\\videochat\\src\\api\\handlers\\appointments\\index.js": {"path":"D:\\React-application-project\\videochat\\src\\api\\handlers\\appointments\\index.js","statementMap":{"0":{"start":{"line":1,"column":0},"end":{"line":6,"column":1}}},"fnMap":{},"branchMap":{},"s":{"0":1},"f":{},"b":{},"_coverageSchema":"1a1c01bbd47fc00a2c39e90264f33305004495a9","hash":"0cfde2c7a9dc428a04a87310c7b9c5e645e2338f"}
,"D:\\React-application-project\\videochat\\src\\api\\handlers\\appointments\\updateAppointment.js": {"path":"D:\\React-application-project\\videochat\\src\\api\\handlers\\appointments\\updateAppointment.js","statementMap":{"0":{"start":{"line":1,"column":30},"end":{"line":1,"column":69}},"1":{"start":{"line":3,"column":0},"end":{"line":22,"column":2}},"2":{"start":{"line":4,"column":4},"end":{"line":21,"column":5}},"3":{"start":{"line":5,"column":41},"end":{"line":5,"column":49}},"4":{"start":{"line":7,"column":8},"end":{"line":18,"column":9}},"5":{"start":{"line":8,"column":34},"end":{"line":8,"column":101}},"6":{"start":{"line":10,"column":12},"end":{"line":12,"column":13}},"7":{"start":{"line":11,"column":16},"end":{"line":11,"column":64}},"8":{"start":{"line":14,"column":12},"end":{"line":14,"column":42}},"9":{"start":{"line":16,"column":12},"end":{"line":16,"column":33}},"10":{"start":{"line":17,"column":12},"end":{"line":17,"column":65}},"11":{"start":{"line":20,"column":8},"end":{"line":20,"column":71}}},"fnMap":{"0":{"name":"(anonymous_0)","decl":{"start":{"line":3,"column":35},"end":{"line":3,"column":36}},"loc":{"start":{"line":3,"column":55},"end":{"line":22,"column":1}},"line":3}},"branchMap":{"0":{"loc":{"start":{"line":4,"column":4},"end":{"line":21,"column":5}},"type":"if","locations":[{"start":{"line":4,"column":4},"end":{"line":21,"column":5}},{"start":{"line":19,"column":11},"end":{"line":21,"column":5}}],"line":4},"1":{"loc":{"start":{"line":4,"column":8},"end":{"line":4,"column":88}},"type":"binary-expr","locations":[{"start":{"line":4,"column":8},"end":{"line":4,"column":46}},{"start":{"line":4,"column":50},"end":{"line":4,"column":88}}],"line":4},"2":{"loc":{"start":{"line":10,"column":12},"end":{"line":12,"column":13}},"type":"if","locations":[{"start":{"line":10,"column":12},"end":{"line":12,"column":13}},{"start":{},"end":{}}],"line":10}},"s":{"0":1,"1":1,"2":0,"3":0,"4":0,"5":0,"6":0,"7":0,"8":0,"9":0,"10":0,"11":0},"f":{"0":0},"b":{"0":[0,0],"1":[0,0],"2":[0,0]},"_coverageSchema":"1a1c01bbd47fc00a2c39e90264f33305004495a9","hash":"224f02c2a7fd6f41a0d4be8878b24ec4b4ab2e20"}
,"D:\\React-application-project\\videochat\\src\\api\\handlers\\rooms\\createRoom.js": {"path":"D:\\React-application-project\\videochat\\src\\api\\handlers\\rooms\\createRoom.js","statementMap":{"0":{"start":{"line":1,"column":23},"end":{"line":1,"column":55}},"1":{"start":{"line":3,"column":0},"end":{"line":16,"column":1}},"2":{"start":{"line":4,"column":4},"end":{"line":15,"column":5}},"3":{"start":{"line":5,"column":59},"end":{"line":5,"column":67}},"4":{"start":{"line":6,"column":24},"end":{"line":6,"column":82}},"5":{"start":{"line":7,"column":8},"end":{"line":12,"column":9}},"6":{"start":{"line":8,"column":12},"end":{"line":8,"column":33}},"7":{"start":{"line":9,"column":12},"end":{"line":9,"column":52}},"8":{"start":{"line":11,"column":12},"end":{"line":11,"column":35}},"9":{"start":{"line":14,"column":8},"end":{"line":14,"column":71}}},"fnMap":{"0":{"name":"(anonymous_0)","decl":{"start":{"line":3,"column":28},"end":{"line":3,"column":29}},"loc":{"start":{"line":3,"column":48},"end":{"line":16,"column":1}},"line":3}},"branchMap":{"0":{"loc":{"start":{"line":4,"column":4},"end":{"line":15,"column":5}},"type":"if","locations":[{"start":{"line":4,"column":4},"end":{"line":15,"column":5}},{"start":{"line":13,"column":11},"end":{"line":15,"column":5}}],"line":4},"1":{"loc":{"start":{"line":4,"column":8},"end":{"line":4,"column":88}},"type":"binary-expr","locations":[{"start":{"line":4,"column":8},"end":{"line":4,"column":46}},{"start":{"line":4,"column":50},"end":{"line":4,"column":88}}],"line":4}},"s":{"0":1,"1":1,"2":0,"3":0,"4":0,"5":0,"6":0,"7":0,"8":0,"9":0},"f":{"0":0},"b":{"0":[0,0],"1":[0,0]},"_coverageSchema":"1a1c01bbd47fc00a2c39e90264f33305004495a9","hash":"a7605e5981f180532230131a6a62157ca903aa61"}
,"D:\\React-application-project\\videochat\\src\\api\\handlers\\rooms\\deleteRoom.js": {"path":"D:\\React-application-project\\videochat\\src\\api\\handlers\\rooms\\deleteRoom.js","statementMap":{"0":{"start":{"line":1,"column":23},"end":{"line":1,"column":55}},"1":{"start":{"line":3,"column":0},"end":{"line":23,"column":1}},"2":{"start":{"line":4,"column":4},"end":{"line":22,"column":5}},"3":{"start":{"line":5,"column":27},"end":{"line":5,"column":35}},"4":{"start":{"line":6,"column":8},"end":{"line":19,"column":9}},"5":{"start":{"line":7,"column":12},"end":{"line":9,"column":13}},"6":{"start":{"line":8,"column":16},"end":{"line":8,"column":96}},"7":{"start":{"line":10,"column":25},"end":{"line":10,"column":70}},"8":{"start":{"line":12,"column":12},"end":{"line":14,"column":13}},"9":{"start":{"line":13,"column":16},"end":{"line":13,"column":81}},"10":{"start":{"line":16,"column":12},"end":{"line":16,"column":42}},"11":{"start":{"line":18,"column":12},"end":{"line":18,"column":35}},"12":{"start":{"line":21,"column":8},"end":{"line":21,"column":71}}},"fnMap":{"0":{"name":"(anonymous_0)","decl":{"start":{"line":3,"column":28},"end":{"line":3,"column":29}},"loc":{"start":{"line":3,"column":48},"end":{"line":23,"column":1}},"line":3}},"branchMap":{"0":{"loc":{"start":{"line":4,"column":4},"end":{"line":22,"column":5}},"type":"if","locations":[{"start":{"line":4,"column":4},"end":{"line":22,"column":5}},{"start":{"line":20,"column":11},"end":{"line":22,"column":5}}],"line":4},"1":{"loc":{"start":{"line":7,"column":12},"end":{"line":9,"column":13}},"type":"if","locations":[{"start":{"line":7,"column":12},"end":{"line":9,"column":13}},{"start":{},"end":{}}],"line":7},"2":{"loc":{"start":{"line":12,"column":12},"end":{"line":14,"column":13}},"type":"if","locations":[{"start":{"line":12,"column":12},"end":{"line":14,"column":13}},{"start":{},"end":{}}],"line":12}},"s":{"0":1,"1":1,"2":0,"3":0,"4":0,"5":0,"6":0,"7":0,"8":0,"9":0,"10":0,"11":0,"12":0},"f":{"0":0},"b":{"0":[0,0],"1":[0,0],"2":[0,0]},"_coverageSchema":"1a1c01bbd47fc00a2c39e90264f33305004495a9","hash":"d132fa92f7c9feaf6055770052ed13f03a8f2cba"}
,"D:\\React-application-project\\videochat\\src\\api\\handlers\\rooms\\index.js": {"path":"D:\\React-application-project\\videochat\\src\\api\\handlers\\rooms\\index.js","statementMap":{"0":{"start":{"line":1,"column":0},"end":{"line":7,"column":1}}},"fnMap":{},"branchMap":{},"s":{"0":1},"f":{},"b":{},"_coverageSchema":"1a1c01bbd47fc00a2c39e90264f33305004495a9","hash":"5da2c0eab7185cd575ed0937edaf4792b971bf77"}
,"D:\\React-application-project\\videochat\\src\\api\\handlers\\rooms\\roomPassVerify.js": {"path":"D:\\React-application-project\\videochat\\src\\api\\handlers\\rooms\\roomPassVerify.js","statementMap":{"0":{"start":{"line":1,"column":23},"end":{"line":1,"column":55}},"1":{"start":{"line":3,"column":0},"end":{"line":27,"column":1}},"2":{"start":{"line":4,"column":4},"end":{"line":26,"column":5}},"3":{"start":{"line":5,"column":37},"end":{"line":5,"column":46}},"4":{"start":{"line":6,"column":8},"end":{"line":8,"column":9}},"5":{"start":{"line":7,"column":12},"end":{"line":7,"column":85}},"6":{"start":{"line":10,"column":8},"end":{"line":12,"column":9}},"7":{"start":{"line":11,"column":12},"end":{"line":11,"column":87}},"8":{"start":{"line":14,"column":27},"end":{"line":14,"column":63}},"9":{"start":{"line":16,"column":8},"end":{"line":18,"column":9}},"10":{"start":{"line":17,"column":12},"end":{"line":17,"column":96}},"11":{"start":{"line":19,"column":8},"end":{"line":21,"column":9}},"12":{"start":{"line":20,"column":12},"end":{"line":20,"column":42}},"13":{"start":{"line":22,"column":8},"end":{"line":22,"column":31}},"14":{"start":{"line":24,"column":8},"end":{"line":24,"column":29}},"15":{"start":{"line":25,"column":8},"end":{"line":25,"column":31}}},"fnMap":{"0":{"name":"(anonymous_0)","decl":{"start":{"line":3,"column":32},"end":{"line":3,"column":33}},"loc":{"start":{"line":3,"column":52},"end":{"line":27,"column":1}},"line":3}},"branchMap":{"0":{"loc":{"start":{"line":6,"column":8},"end":{"line":8,"column":9}},"type":"if","locations":[{"start":{"line":6,"column":8},"end":{"line":8,"column":9}},{"start":{},"end":{}}],"line":6},"1":{"loc":{"start":{"line":10,"column":8},"end":{"line":12,"column":9}},"type":"if","locations":[{"start":{"line":10,"column":8},"end":{"line":12,"column":9}},{"start":{},"end":{}}],"line":10},"2":{"loc":{"start":{"line":16,"column":8},"end":{"line":18,"column":9}},"type":"if","locations":[{"start":{"line":16,"column":8},"end":{"line":18,"column":9}},{"start":{},"end":{}}],"line":16},"3":{"loc":{"start":{"line":19,"column":8},"end":{"line":21,"column":9}},"type":"if","locations":[{"start":{"line":19,"column":8},"end":{"line":21,"column":9}},{"start":{},"end":{}}],"line":19}},"s":{"0":1,"1":1,"2":0,"3":0,"4":0,"5":0,"6":0,"7":0,"8":0,"9":0,"10":0,"11":0,"12":0,"13":0,"14":0,"15":0},"f":{"0":0},"b":{"0":[0,0],"1":[0,0],"2":[0,0],"3":[0,0]},"_coverageSchema":"1a1c01bbd47fc00a2c39e90264f33305004495a9","hash":"77b51e1ab888647a7be6a998fc94668b3e42f8d5"}
,"D:\\React-application-project\\videochat\\src\\api\\handlers\\rooms\\roomVerify.js": {"path":"D:\\React-application-project\\videochat\\src\\api\\handlers\\rooms\\roomVerify.js","statementMap":{"0":{"start":{"line":1,"column":23},"end":{"line":1,"column":55}},"1":{"start":{"line":3,"column":0},"end":{"line":20,"column":1}},"2":{"start":{"line":4,"column":4},"end":{"line":19,"column":5}},"3":{"start":{"line":5,"column":27},"end":{"line":5,"column":36}},"4":{"start":{"line":6,"column":8},"end":{"line":8,"column":9}},"5":{"start":{"line":7,"column":12},"end":{"line":7,"column":85}},"6":{"start":{"line":10,"column":27},"end":{"line":10,"column":63}},"7":{"start":{"line":12,"column":8},"end":{"line":14,"column":9}},"8":{"start":{"line":13,"column":12},"end":{"line":13,"column":42}},"9":{"start":{"line":15,"column":8},"end":{"line":15,"column":31}},"10":{"start":{"line":17,"column":8},"end":{"line":17,"column":29}},"11":{"start":{"line":18,"column":8},"end":{"line":18,"column":31}}},"fnMap":{"0":{"name":"(anonymous_0)","decl":{"start":{"line":3,"column":28},"end":{"line":3,"column":29}},"loc":{"start":{"line":3,"column":48},"end":{"line":20,"column":1}},"line":3}},"branchMap":{"0":{"loc":{"start":{"line":6,"column":8},"end":{"line":8,"column":9}},"type":"if","locations":[{"start":{"line":6,"column":8},"end":{"line":8,"column":9}},{"start":{},"end":{}}],"line":6},"1":{"loc":{"start":{"line":12,"column":8},"end":{"line":14,"column":9}},"type":"if","locations":[{"start":{"line":12,"column":8},"end":{"line":14,"column":9}},{"start":{},"end":{}}],"line":12}},"s":{"0":1,"1":1,"2":0,"3":0,"4":0,"5":0,"6":0,"7":0,"8":0,"9":0,"10":0,"11":0},"f":{"0":0},"b":{"0":[0,0],"1":[0,0]},"_coverageSchema":"1a1c01bbd47fc00a2c39e90264f33305004495a9","hash":"6b3dddc1584a4bdcdd4b0008a9273e8c1ae712f8"}
,"D:\\React-application-project\\videochat\\src\\api\\handlers\\rooms\\showAvailableRooms.js": {"path":"D:\\React-application-project\\videochat\\src\\api\\handlers\\rooms\\showAvailableRooms.js","statementMap":{"0":{"start":{"line":1,"column":23},"end":{"line":1,"column":55}},"1":{"start":{"line":3,"column":0},"end":{"line":14,"column":1}},"2":{"start":{"line":4,"column":4},"end":{"line":13,"column":5}},"3":{"start":{"line":5,"column":8},"end":{"line":10,"column":9}},"4":{"start":{"line":6,"column":29},"end":{"line":6,"column":52}},"5":{"start":{"line":7,"column":12},"end":{"line":7,"column":50}},"6":{"start":{"line":9,"column":12},"end":{"line":9,"column":35}},"7":{"start":{"line":12,"column":8},"end":{"line":12,"column":71}}},"fnMap":{"0":{"name":"(anonymous_0)","decl":{"start":{"line":3,"column":36},"end":{"line":3,"column":37}},"loc":{"start":{"line":3,"column":56},"end":{"line":14,"column":1}},"line":3}},"branchMap":{"0":{"loc":{"start":{"line":4,"column":4},"end":{"line":13,"column":5}},"type":"if","locations":[{"start":{"line":4,"column":4},"end":{"line":13,"column":5}},{"start":{"line":11,"column":11},"end":{"line":13,"column":5}}],"line":4}},"s":{"0":1,"1":1,"2":0,"3":0,"4":0,"5":0,"6":0,"7":0},"f":{"0":0},"b":{"0":[0,0]},"_coverageSchema":"1a1c01bbd47fc00a2c39e90264f33305004495a9","hash":"df8845a8e056eb05d839b851c4b13ff0de9da473"}
,"D:\\React-application-project\\videochat\\src\\api\\handlers\\users\\createNewUser.js": {"path":"D:\\React-application-project\\videochat\\src\\api\\handlers\\users\\createNewUser.js","statementMap":{"0":{"start":{"line":1,"column":18},"end":{"line":1,"column":50}},"1":{"start":{"line":3,"column":0},"end":{"line":25,"column":1}},"2":{"start":{"line":4,"column":4},"end":{"line":13,"column":5}},"3":{"start":{"line":5,"column":8},"end":{"line":12,"column":9}},"4":{"start":{"line":6,"column":245},"end":{"line":6,"column":253}},"5":{"start":{"line":7,"column":28},"end":{"line":7,"column":263}},"6":{"start":{"line":8,"column":12},"end":{"line":8,"column":33}},"7":{"start":{"line":9,"column":12},"end":{"line":9,"column":42}},"8":{"start":{"line":11,"column":12},"end":{"line":11,"column":71}},"9":{"start":{"line":13,"column":6},"end":{"line":24,"column":5}},"10":{"start":{"line":14,"column":8},"end":{"line":21,"column":9}},"11":{"start":{"line":15,"column":231},"end":{"line":15,"column":239}},"12":{"start":{"line":16,"column":28},"end":{"line":16,"column":249}},"13":{"start":{"line":17,"column":12},"end":{"line":17,"column":33}},"14":{"start":{"line":18,"column":12},"end":{"line":18,"column":42}},"15":{"start":{"line":20,"column":12},"end":{"line":20,"column":71}},"16":{"start":{"line":23,"column":8},"end":{"line":23,"column":71}}},"fnMap":{"0":{"name":"(anonymous_0)","decl":{"start":{"line":3,"column":31},"end":{"line":3,"column":32}},"loc":{"start":{"line":3,"column":51},"end":{"line":25,"column":1}},"line":3}},"branchMap":{"0":{"loc":{"start":{"line":4,"column":4},"end":{"line":13,"column":5}},"type":"if","locations":[{"start":{"line":4,"column":4},"end":{"line":13,"column":5}},{"start":{},"end":{}}],"line":4},"1":{"loc":{"start":{"line":13,"column":6},"end":{"line":24,"column":5}},"type":"if","locations":[{"start":{"line":13,"column":6},"end":{"line":24,"column":5}},{"start":{"line":22,"column":11},"end":{"line":24,"column":5}}],"line":13}},"s":{"0":1,"1":1,"2":0,"3":0,"4":0,"5":0,"6":0,"7":0,"8":0,"9":0,"10":0,"11":0,"12":0,"13":0,"14":0,"15":0,"16":0},"f":{"0":0},"b":{"0":[0,0],"1":[0,0]},"_coverageSchema":"1a1c01bbd47fc00a2c39e90264f33305004495a9","hash":"85253d2ffe45dbe3a5d4065e47ee8986f8aa29fa"}
,"D:\\React-application-project\\videochat\\src\\api\\handlers\\users\\gatekeeper.js": {"path":"D:\\React-application-project\\videochat\\src\\api\\handlers\\users\\gatekeeper.js","statementMap":{"0":{"start":{"line":1,"column":0},"end":{"line":4,"column":1}},"1":{"start":{"line":2,"column":72},"end":{"line":2,"column":80}},"2":{"start":{"line":3,"column":4},"end":{"line":3,"column":78}}},"fnMap":{"0":{"name":"(anonymous_0)","decl":{"start":{"line":1,"column":28},"end":{"line":1,"column":29}},"loc":{"start":{"line":1,"column":48},"end":{"line":4,"column":1}},"line":1}},"branchMap":{},"s":{"0":1,"1":0,"2":0},"f":{"0":0},"b":{},"_coverageSchema":"1a1c01bbd47fc00a2c39e90264f33305004495a9","hash":"a707686820508900c40a25fa6f881489a781b762"}
,"D:\\React-application-project\\videochat\\src\\api\\handlers\\users\\getUsers.js": {"path":"D:\\React-application-project\\videochat\\src\\api\\handlers\\users\\getUsers.js","statementMap":{"0":{"start":{"line":1,"column":18},"end":{"line":1,"column":50}},"1":{"start":{"line":3,"column":0},"end":{"line":100,"column":1}},"2":{"start":{"line":4,"column":4},"end":{"line":51,"column":5}},"3":{"start":{"line":5,"column":24},"end":{"line":5,"column":26}},"4":{"start":{"line":6,"column":150},"end":{"line":6,"column":159}},"5":{"start":{"line":7,"column":8},"end":{"line":9,"column":9}},"6":{"start":{"line":8,"column":12},"end":{"line":8,"column":74}},"7":{"start":{"line":10,"column":8},"end":{"line":12,"column":9}},"8":{"start":{"line":11,"column":12},"end":{"line":11,"column":59}},"9":{"start":{"line":13,"column":8},"end":{"line":15,"column":9}},"10":{"start":{"line":14,"column":12},"end":{"line":14,"column":72}},"11":{"start":{"line":16,"column":8},"end":{"line":18,"column":9}},"12":{"start":{"line":17,"column":12},"end":{"line":17,"column":78}},"13":{"start":{"line":19,"column":8},"end":{"line":21,"column":9}},"14":{"start":{"line":20,"column":12},"end":{"line":20,"column":49}},"15":{"start":{"line":22,"column":8},"end":{"line":24,"column":9}},"16":{"start":{"line":23,"column":12},"end":{"line":23,"column":61}},"17":{"start":{"line":25,"column":8},"end":{"line":27,"column":9}},"18":{"start":{"line":26,"column":12},"end":{"line":26,"column":55}},"19":{"start":{"line":28,"column":8},"end":{"line":30,"column":9}},"20":{"start":{"line":29,"column":12},"end":{"line":29,"column":61}},"21":{"start":{"line":31,"column":8},"end":{"line":33,"column":9}},"22":{"start":{"line":32,"column":12},"end":{"line":32,"column":53}},"23":{"start":{"line":34,"column":8},"end":{"line":36,"column":9}},"24":{"start":{"line":35,"column":12},"end":{"line":35,"column":82}},"25":{"start":{"line":37,"column":8},"end":{"line":39,"column":9}},"26":{"start":{"line":38,"column":12},"end":{"line":38,"column":76}},"27":{"start":{"line":40,"column":8},"end":{"line":42,"column":9}},"28":{"start":{"line":41,"column":12},"end":{"line":41,"column":82}},"29":{"start":{"line":43,"column":8},"end":{"line":45,"column":9}},"30":{"start":{"line":44,"column":12},"end":{"line":44,"column":55}},"31":{"start":{"line":46,"column":8},"end":{"line":48,"column":9}},"32":{"start":{"line":47,"column":12},"end":{"line":47,"column":60}},"33":{"start":{"line":49,"column":22},"end":{"line":49,"column":47}},"34":{"start":{"line":50,"column":8},"end":{"line":50,"column":43}},"35":{"start":{"line":52,"column":4},"end":{"line":99,"column":5}},"36":{"start":{"line":53,"column":24},"end":{"line":53,"column":26}},"37":{"start":{"line":54,"column":136},"end":{"line":54,"column":145}},"38":{"start":{"line":55,"column":8},"end":{"line":57,"column":9}},"39":{"start":{"line":56,"column":12},"end":{"line":56,"column":74}},"40":{"start":{"line":58,"column":8},"end":{"line":60,"column":9}},"41":{"start":{"line":59,"column":12},"end":{"line":59,"column":59}},"42":{"start":{"line":61,"column":8},"end":{"line":63,"column":9}},"43":{"start":{"line":62,"column":12},"end":{"line":62,"column":72}},"44":{"start":{"line":64,"column":8},"end":{"line":66,"column":9}},"45":{"start":{"line":65,"column":12},"end":{"line":65,"column":78}},"46":{"start":{"line":67,"column":8},"end":{"line":69,"column":9}},"47":{"start":{"line":68,"column":12},"end":{"line":68,"column":49}},"48":{"start":{"line":70,"column":8},"end":{"line":72,"column":9}},"49":{"start":{"line":71,"column":12},"end":{"line":71,"column":55}},"50":{"start":{"line":73,"column":8},"end":{"line":75,"column":9}},"51":{"start":{"line":74,"column":12},"end":{"line":74,"column":61}},"52":{"start":{"line":76,"column":8},"end":{"line":78,"column":9}},"53":{"start":{"line":77,"column":12},"end":{"line":77,"column":53}},"54":{"start":{"line":79,"column":8},"end":{"line":81,"column":9}},"55":{"start":{"line":80,"column":12},"end":{"line":80,"column":82}},"56":{"start":{"line":82,"column":8},"end":{"line":84,"column":9}},"57":{"start":{"line":83,"column":12},"end":{"line":83,"column":76}},"58":{"start":{"line":85,"column":8},"end":{"line":87,"column":9}},"59":{"start":{"line":86,"column":12},"end":{"line":86,"column":82}},"60":{"start":{"line":88,"column":8},"end":{"line":90,"column":9}},"61":{"start":{"line":89,"column":12},"end":{"line":89,"column":55}},"62":{"start":{"line":91,"column":8},"end":{"line":93,"column":9}},"63":{"start":{"line":92,"column":12},"end":{"line":92,"column":60}},"64":{"start":{"line":94,"column":8},"end":{"line":94,"column":47}},"65":{"start":{"line":95,"column":22},"end":{"line":95,"column":47}},"66":{"start":{"line":96,"column":8},"end":{"line":96,"column":43}},"67":{"start":{"line":98,"column":8},"end":{"line":98,"column":71}}},"fnMap":{"0":{"name":"(anonymous_0)","decl":{"start":{"line":3,"column":26},"end":{"line":3,"column":27}},"loc":{"start":{"line":3,"column":46},"end":{"line":100,"column":1}},"line":3}},"branchMap":{"0":{"loc":{"start":{"line":4,"column":4},"end":{"line":51,"column":5}},"type":"if","locations":[{"start":{"line":4,"column":4},"end":{"line":51,"column":5}},{"start":{},"end":{}}],"line":4},"1":{"loc":{"start":{"line":7,"column":8},"end":{"line":9,"column":9}},"type":"if","locations":[{"start":{"line":7,"column":8},"end":{"line":9,"column":9}},{"start":{},"end":{}}],"line":7},"2":{"loc":{"start":{"line":10,"column":8},"end":{"line":12,"column":9}},"type":"if","locations":[{"start":{"line":10,"column":8},"end":{"line":12,"column":9}},{"start":{},"end":{}}],"line":10},"3":{"loc":{"start":{"line":13,"column":8},"end":{"line":15,"column":9}},"type":"if","locations":[{"start":{"line":13,"column":8},"end":{"line":15,"column":9}},{"start":{},"end":{}}],"line":13},"4":{"loc":{"start":{"line":16,"column":8},"end":{"line":18,"column":9}},"type":"if","locations":[{"start":{"line":16,"column":8},"end":{"line":18,"column":9}},{"start":{},"end":{}}],"line":16},"5":{"loc":{"start":{"line":19,"column":8},"end":{"line":21,"column":9}},"type":"if","locations":[{"start":{"line":19,"column":8},"end":{"line":21,"column":9}},{"start":{},"end":{}}],"line":19},"6":{"loc":{"start":{"line":22,"column":8},"end":{"line":24,"column":9}},"type":"if","locations":[{"start":{"line":22,"column":8},"end":{"line":24,"column":9}},{"start":{},"end":{}}],"line":22},"7":{"loc":{"start":{"line":25,"column":8},"end":{"line":27,"column":9}},"type":"if","locations":[{"start":{"line":25,"column":8},"end":{"line":27,"column":9}},{"start":{},"end":{}}],"line":25},"8":{"loc":{"start":{"line":28,"column":8},"end":{"line":30,"column":9}},"type":"if","locations":[{"start":{"line":28,"column":8},"end":{"line":30,"column":9}},{"start":{},"end":{}}],"line":28},"9":{"loc":{"start":{"line":31,"column":8},"end":{"line":33,"column":9}},"type":"if","locations":[{"start":{"line":31,"column":8},"end":{"line":33,"column":9}},{"start":{},"end":{}}],"line":31},"10":{"loc":{"start":{"line":34,"column":8},"end":{"line":36,"column":9}},"type":"if","locations":[{"start":{"line":34,"column":8},"end":{"line":36,"column":9}},{"start":{},"end":{}}],"line":34},"11":{"loc":{"start":{"line":37,"column":8},"end":{"line":39,"column":9}},"type":"if","locations":[{"start":{"line":37,"column":8},"end":{"line":39,"column":9}},{"start":{},"end":{}}],"line":37},"12":{"loc":{"start":{"line":40,"column":8},"end":{"line":42,"column":9}},"type":"if","locations":[{"start":{"line":40,"column":8},"end":{"line":42,"column":9}},{"start":{},"end":{}}],"line":40},"13":{"loc":{"start":{"line":43,"column":8},"end":{"line":45,"column":9}},"type":"if","locations":[{"start":{"line":43,"column":8},"end":{"line":45,"column":9}},{"start":{},"end":{}}],"line":43},"14":{"loc":{"start":{"line":46,"column":8},"end":{"line":48,"column":9}},"type":"if","locations":[{"start":{"line":46,"column":8},"end":{"line":48,"column":9}},{"start":{},"end":{}}],"line":46},"15":{"loc":{"start":{"line":52,"column":4},"end":{"line":99,"column":5}},"type":"if","locations":[{"start":{"line":52,"column":4},"end":{"line":99,"column":5}},{"start":{"line":97,"column":11},"end":{"line":99,"column":5}}],"line":52},"16":{"loc":{"start":{"line":55,"column":8},"end":{"line":57,"column":9}},"type":"if","locations":[{"start":{"line":55,"column":8},"end":{"line":57,"column":9}},{"start":{},"end":{}}],"line":55},"17":{"loc":{"start":{"line":58,"column":8},"end":{"line":60,"column":9}},"type":"if","locations":[{"start":{"line":58,"column":8},"end":{"line":60,"column":9}},{"start":{},"end":{}}],"line":58},"18":{"loc":{"start":{"line":61,"column":8},"end":{"line":63,"column":9}},"type":"if","locations":[{"start":{"line":61,"column":8},"end":{"line":63,"column":9}},{"start":{},"end":{}}],"line":61},"19":{"loc":{"start":{"line":64,"column":8},"end":{"line":66,"column":9}},"type":"if","locations":[{"start":{"line":64,"column":8},"end":{"line":66,"column":9}},{"start":{},"end":{}}],"line":64},"20":{"loc":{"start":{"line":67,"column":8},"end":{"line":69,"column":9}},"type":"if","locations":[{"start":{"line":67,"column":8},"end":{"line":69,"column":9}},{"start":{},"end":{}}],"line":67},"21":{"loc":{"start":{"line":70,"column":8},"end":{"line":72,"column":9}},"type":"if","locations":[{"start":{"line":70,"column":8},"end":{"line":72,"column":9}},{"start":{},"end":{}}],"line":70},"22":{"loc":{"start":{"line":73,"column":8},"end":{"line":75,"column":9}},"type":"if","locations":[{"start":{"line":73,"column":8},"end":{"line":75,"column":9}},{"start":{},"end":{}}],"line":73},"23":{"loc":{"start":{"line":76,"column":8},"end":{"line":78,"column":9}},"type":"if","locations":[{"start":{"line":76,"column":8},"end":{"line":78,"column":9}},{"start":{},"end":{}}],"line":76},"24":{"loc":{"start":{"line":79,"column":8},"end":{"line":81,"column":9}},"type":"if","locations":[{"start":{"line":79,"column":8},"end":{"line":81,"column":9}},{"start":{},"end":{}}],"line":79},"25":{"loc":{"start":{"line":82,"column":8},"end":{"line":84,"column":9}},"type":"if","locations":[{"start":{"line":82,"column":8},"end":{"line":84,"column":9}},{"start":{},"end":{}}],"line":82},"26":{"loc":{"start":{"line":85,"column":8},"end":{"line":87,"column":9}},"type":"if","locations":[{"start":{"line":85,"column":8},"end":{"line":87,"column":9}},{"start":{},"end":{}}],"line":85},"27":{"loc":{"start":{"line":88,"column":8},"end":{"line":90,"column":9}},"type":"if","locations":[{"start":{"line":88,"column":8},"end":{"line":90,"column":9}},{"start":{},"end":{}}],"line":88},"28":{"loc":{"start":{"line":91,"column":8},"end":{"line":93,"column":9}},"type":"if","locations":[{"start":{"line":91,"column":8},"end":{"line":93,"column":9}},{"start":{},"end":{}}],"line":91}},"s":{"0":1,"1":1,"2":0,"3":0,"4":0,"5":0,"6":0,"7":0,"8":0,"9":0,"10":0,"11":0,"12":0,"13":0,"14":0,"15":0,"16":0,"17":0,"18":0,"19":0,"20":0,"21":0,"22":0,"23":0,"24":0,"25":0,"26":0,"27":0,"28":0,"29":0,"30":0,"31":0,"32":0,"33":0,"34":0,"35":0,"36":0,"37":0,"38":0,"39":0,"40":0,"41":0,"42":0,"43":0,"44":0,"45":0,"46":0,"47":0,"48":0,"49":0,"50":0,"51":0,"52":0,"53":0,"54":0,"55":0,"56":0,"57":0,"58":0,"59":0,"60":0,"61":0,"62":0,"63":0,"64":0,"65":0,"66":0,"67":0},"f":{"0":0},"b":{"0":[0,0],"1":[0,0],"2":[0,0],"3":[0,0],"4":[0,0],"5":[0,0],"6":[0,0],"7":[0,0],"8":[0,0],"9":[0,0],"10":[0,0],"11":[0,0],"12":[0,0],"13":[0,0],"14":[0,0],"15":[0,0],"16":[0,0],"17":[0,0],"18":[0,0],"19":[0,0],"20":[0,0],"21":[0,0],"22":[0,0],"23":[0,0],"24":[0,0],"25":[0,0],"26":[0,0],"27":[0,0],"28":[0,0]},"_coverageSchema":"1a1c01bbd47fc00a2c39e90264f33305004495a9","hash":"744c207f10b8d48c201972dd7b80c25df4e67166"}
,"D:\\React-application-project\\videochat\\src\\api\\handlers\\users\\index.js": {"path":"D:\\React-application-project\\videochat\\src\\api\\handlers\\users\\index.js","statementMap":{"0":{"start":{"line":1,"column":0},"end":{"line":6,"column":1}}},"fnMap":{},"branchMap":{},"s":{"0":1},"f":{},"b":{},"_coverageSchema":"1a1c01bbd47fc00a2c39e90264f33305004495a9","hash":"5cd3b71fa3dda356278490c398a9fc2c00d2a0c1"}
,"D:\\React-application-project\\videochat\\src\\api\\handlers\\users\\login.js": {"path":"D:\\React-application-project\\videochat\\src\\api\\handlers\\users\\login.js","statementMap":{"0":{"start":{"line":1,"column":18},"end":{"line":1,"column":50}},"1":{"start":{"line":2,"column":12},"end":{"line":2,"column":35}},"2":{"start":{"line":4,"column":0},"end":{"line":48,"column":1}},"3":{"start":{"line":5,"column":4},"end":{"line":47,"column":5}},"4":{"start":{"line":6,"column":51},"end":{"line":6,"column":59}},"5":{"start":{"line":7,"column":8},"end":{"line":11,"column":9}},"6":{"start":{"line":8,"column":12},"end":{"line":10,"column":15}},"7":{"start":{"line":13,"column":8},"end":{"line":17,"column":9}},"8":{"start":{"line":14,"column":12},"end":{"line":16,"column":15}},"9":{"start":{"line":19,"column":21},"end":{"line":19,"column":70}},"10":{"start":{"line":21,"column":8},"end":{"line":25,"column":9}},"11":{"start":{"line":22,"column":12},"end":{"line":24,"column":15}},"12":{"start":{"line":27,"column":8},"end":{"line":31,"column":9}},"13":{"start":{"line":28,"column":12},"end":{"line":30,"column":15}},"14":{"start":{"line":33,"column":22},"end":{"line":39,"column":70}},"15":{"start":{"line":41,"column":8},"end":{"line":41,"column":40}},"16":{"start":{"line":43,"column":8},"end":{"line":43,"column":27}},"17":{"start":{"line":44,"column":8},"end":{"line":46,"column":11}}},"fnMap":{"0":{"name":"(anonymous_0)","decl":{"start":{"line":4,"column":23},"end":{"line":4,"column":24}},"loc":{"start":{"line":4,"column":43},"end":{"line":48,"column":1}},"line":4}},"branchMap":{"0":{"loc":{"start":{"line":7,"column":8},"end":{"line":11,"column":9}},"type":"if","locations":[{"start":{"line":7,"column":8},"end":{"line":11,"column":9}},{"start":{},"end":{}}],"line":7},"1":{"loc":{"start":{"line":13,"column":8},"end":{"line":17,"column":9}},"type":"if","locations":[{"start":{"line":13,"column":8},"end":{"line":17,"column":9}},{"start":{},"end":{}}],"line":13},"2":{"loc":{"start":{"line":21,"column":8},"end":{"line":25,"column":9}},"type":"if","locations":[{"start":{"line":21,"column":8},"end":{"line":25,"column":9}},{"start":{},"end":{}}],"line":21},"3":{"loc":{"start":{"line":27,"column":8},"end":{"line":31,"column":9}},"type":"if","locations":[{"start":{"line":27,"column":8},"end":{"line":31,"column":9}},{"start":{},"end":{}}],"line":27}},"s":{"0":1,"1":1,"2":1,"3":0,"4":0,"5":0,"6":0,"7":0,"8":0,"9":0,"10":0,"11":0,"12":0,"13":0,"14":0,"15":0,"16":0,"17":0},"f":{"0":0},"b":{"0":[0,0],"1":[0,0],"2":[0,0],"3":[0,0]},"_coverageSchema":"1a1c01bbd47fc00a2c39e90264f33305004495a9","hash":"8306a0cb6a8eb564e979f3444067cbcc685320cb"}
,"D:\\React-application-project\\videochat\\src\\api\\wrapperApi\\index.js": {"path":"D:\\React-application-project\\videochat\\src\\api\\wrapperApi\\index.js","statementMap":{"0":{"start":{"line":1,"column":0},"end":{"line":3,"column":1}}},"fnMap":{},"branchMap":{},"s":{"0":1},"f":{},"b":{},"_coverageSchema":"1a1c01bbd47fc00a2c39e90264f33305004495a9","hash":"eed7e64b44c80723db3a0eb4a43c4957cd7d2c4e"}
,"D:\\React-application-project\\videochat\\src\\api\\wrapperApi\\wrapperApi.js": {"path":"D:\\React-application-project\\videochat\\src\\api\\wrapperApi\\wrapperApi.js","statementMap":{"0":{"start":{"line":1,"column":0},"end":{"line":12,"column":2}},"1":{"start":{"line":2,"column":4},"end":{"line":11,"column":6}},"2":{"start":{"line":3,"column":8},"end":{"line":10,"column":9}},"3":{"start":{"line":4,"column":12},"end":{"line":4,"column":36}},"4":{"start":{"line":6,"column":12},"end":{"line":6,"column":64}},"5":{"start":{"line":7,"column":12},"end":{"line":9,"column":78}}},"fnMap":{"0":{"name":"(anonymous_0)","decl":{"start":{"line":1,"column":28},"end":{"line":1,"column":29}},"loc":{"start":{"line":1,"column":41},"end":{"line":12,"column":1}},"line":1},"1":{"name":"(anonymous_1)","decl":{"start":{"line":2,"column":11},"end":{"line":2,"column":12}},"loc":{"start":{"line":2,"column":31},"end":{"line":11,"column":5}},"line":2}},"branchMap":{},"s":{"0":1,"1":13,"2":0,"3":0,"4":0,"5":0},"f":{"0":13,"1":0},"b":{},"_coverageSchema":"1a1c01bbd47fc00a2c39e90264f33305004495a9","hash":"100c431deb9660307fc533db05ffc135d9964de5"}
,"D:\\React-application-project\\videochat\\src\\middlewares\\auth.middleware.js": {"path":"D:\\React-application-project\\videochat\\src\\middlewares\\auth.middleware.js","statementMap":{"0":{"start":{"line":1,"column":17},"end":{"line":1,"column":36}},"1":{"start":{"line":2,"column":20},"end":{"line":2,"column":52}},"2":{"start":{"line":3,"column":19},"end":{"line":3,"column":53}},"3":{"start":{"line":4,"column":18},"end":{"line":4,"column":44}},"4":{"start":{"line":5,"column":0},"end":{"line":5,"column":27}},"5":{"start":{"line":7,"column":16},"end":{"line":11,"column":1}},"6":{"start":{"line":13,"column":0},"end":{"line":32,"column":2}},"7":{"start":{"line":14,"column":1},"end":{"line":14,"column":32}},"8":{"start":{"line":16,"column":1},"end":{"line":31,"column":3}},"9":{"start":{"line":18,"column":17},"end":{"line":18,"column":24}},"10":{"start":{"line":19,"column":3},"end":{"line":29,"column":4}},"11":{"start":{"line":20,"column":17},"end":{"line":20,"column":42}},"12":{"start":{"line":21,"column":4},"end":{"line":23,"column":5}},"13":{"start":{"line":22,"column":5},"end":{"line":22,"column":30}},"14":{"start":{"line":24,"column":4},"end":{"line":24,"column":20}},"15":{"start":{"line":25,"column":4},"end":{"line":25,"column":28}},"16":{"start":{"line":27,"column":4},"end":{"line":27,"column":23}},"17":{"start":{"line":28,"column":4},"end":{"line":28,"column":21}}},"fnMap":{"0":{"name":"(anonymous_0)","decl":{"start":{"line":13,"column":17},"end":{"line":13,"column":18}},"loc":{"start":{"line":13,"column":26},"end":{"line":32,"column":1}},"line":13},"1":{"name":"(anonymous_1)","decl":{"start":{"line":17,"column":27},"end":{"line":17,"column":28}},"loc":{"start":{"line":17,"column":57},"end":{"line":30,"column":3}},"line":17}},"branchMap":{"0":{"loc":{"start":{"line":21,"column":4},"end":{"line":23,"column":5}},"type":"if","locations":[{"start":{"line":21,"column":4},"end":{"line":23,"column":5}},{"start":{},"end":{}}],"line":21}},"s":{"0":1,"1":1,"2":1,"3":1,"4":1,"5":1,"6":1,"7":0,"8":0,"9":0,"10":0,"11":0,"12":0,"13":0,"14":0,"15":0,"16":0,"17":0},"f":{"0":0,"1":0},"b":{"0":[0,0]},"_coverageSchema":"1a1c01bbd47fc00a2c39e90264f33305004495a9","hash":"d4d21dda671a8444100f9310c624f8fca657585d"}
,"D:\\React-application-project\\videochat\\src\\models\\appointments.js": {"path":"D:\\React-application-project\\videochat\\src\\models\\appointments.js","statementMap":{"0":{"start":{"line":1,"column":26},"end":{"line":1,"column":45}},"1":{"start":{"line":3,"column":15},"end":{"line":10,"column":2}},"2":{"start":{"line":12,"column":26},"end":{"line":12,"column":59}},"3":{"start":{"line":14,"column":0},"end":{"line":14,"column":39}}},"fnMap":{},"branchMap":{},"s":{"0":1,"1":1,"2":1,"3":1},"f":{},"b":{},"_coverageSchema":"1a1c01bbd47fc00a2c39e90264f33305004495a9","hash":"92e2c318d41039e40e713dde8a781db2168a9554"}
,"D:\\React-application-project\\videochat\\src\\models\\rooms.js": {"path":"D:\\React-application-project\\videochat\\src\\models\\rooms.js","statementMap":{"0":{"start":{"line":1,"column":26},"end":{"line":1,"column":45}},"1":{"start":{"line":3,"column":15},"end":{"line":8,"column":2}},"2":{"start":{"line":10,"column":19},"end":{"line":10,"column":48}},"3":{"start":{"line":12,"column":0},"end":{"line":12,"column":32}}},"fnMap":{},"branchMap":{},"s":{"0":1,"1":1,"2":1,"3":1},"f":{},"b":{},"_coverageSchema":"1a1c01bbd47fc00a2c39e90264f33305004495a9","hash":"5c8e395c58ec22f368c7779cf354a28956f21d4b"}
,"D:\\React-application-project\\videochat\\src\\models\\users.js": {"path":"D:\\React-application-project\\videochat\\src\\models\\users.js","statementMap":{"0":{"start":{"line":1,"column":26},"end":{"line":1,"column":45}},"1":{"start":{"line":3,"column":15},"end":{"line":28,"column":2}},"2":{"start":{"line":30,"column":14},"end":{"line":30,"column":49}},"3":{"start":{"line":32,"column":0},"end":{"line":32,"column":27}}},"fnMap":{},"branchMap":{},"s":{"0":1,"1":1,"2":1,"3":1},"f":{},"b":{},"_coverageSchema":"1a1c01bbd47fc00a2c39e90264f33305004495a9","hash":"8b9592d2e07e6755616c06be4120a107a002c291"}
,"D:\\React-application-project\\videochat\\src\\setup\\mongoose.js": {"path":"D:\\React-application-project\\videochat\\src\\setup\\mongoose.js","statementMap":{"0":{"start":{"line":1,"column":17},"end":{"line":1,"column":36}},"1":{"start":{"line":4,"column":16},"end":{"line":32,"column":1}},"2":{"start":{"line":5,"column":4},"end":{"line":31,"column":5}},"3":{"start":{"line":7,"column":24},"end":{"line":7,"column":56}},"4":{"start":{"line":8,"column":8},"end":{"line":10,"column":11}},"5":{"start":{"line":9,"column":12},"end":{"line":9,"column":48}},"6":{"start":{"line":12,"column":8},"end":{"line":14,"column":14}},"7":{"start":{"line":13,"column":12},"end":{"line":13,"column":60}},"8":{"start":{"line":16,"column":8},"end":{"line":16,"column":23}},"9":{"start":{"line":19,"column":6},"end":{"line":24,"column":9}},"10":{"start":{"line":25,"column":6},"end":{"line":25,"column":44}},"11":{"start":{"line":26,"column":6},"end":{"line":26,"column":12}},"12":{"start":{"line":29,"column":6},"end":{"line":29,"column":104}},"13":{"start":{"line":34,"column":0},"end":{"line":34,"column":29}}},"fnMap":{"0":{"name":"(anonymous_0)","decl":{"start":{"line":4,"column":16},"end":{"line":4,"column":17}},"loc":{"start":{"line":4,"column":36},"end":{"line":32,"column":1}},"line":4},"1":{"name":"(anonymous_1)","decl":{"start":{"line":8,"column":50},"end":{"line":8,"column":51}},"loc":{"start":{"line":8,"column":56},"end":{"line":10,"column":9}},"line":8},"2":{"name":"(anonymous_2)","decl":{"start":{"line":12,"column":48},"end":{"line":12,"column":49}},"loc":{"start":{"line":12,"column":57},"end":{"line":14,"column":12}},"line":12}},"branchMap":{"0":{"loc":{"start":{"line":5,"column":4},"end":{"line":31,"column":5}},"type":"switch","locations":[{"start":{"line":6,"column":5},"end":{"line":17,"column":6}},{"start":{"line":18,"column":5},"end":{"line":27,"column":6}},{"start":{"line":28,"column":5},"end":{"line":30,"column":6}}],"line":5}},"s":{"0":1,"1":1,"2":1,"3":0,"4":0,"5":0,"6":0,"7":0,"8":0,"9":1,"10":0,"11":0,"12":0,"13":1},"f":{"0":1,"1":0,"2":0},"b":{"0":[0,1,0]},"_coverageSchema":"1a1c01bbd47fc00a2c39e90264f33305004495a9","hash":"32534e5765bee9e2e31f3536f24624d61510294c"}
}
