TN:
SF:src\api\handlers\users\getUsers.js
FN:3,(anonymous_0)
FNF:1
FNH:1
FNDA:1,(anonymous_0)
DA:1,1
DA:3,1
DA:4,1
DA:5,1
DA:6,1
DA:7,1
DA:8,1
DA:10,1
DA:11,1
DA:13,1
DA:14,1
DA:16,1
DA:17,1
DA:19,1
DA:20,1
DA:22,1
DA:23,1
DA:25,1
DA:26,1
DA:28,1
DA:29,1
DA:31,1
DA:32,1
DA:34,1
DA:35,1
DA:37,1
DA:38,1
DA:40,1
DA:41,1
DA:43,1
DA:44,1
DA:46,1
DA:47,1
DA:49,1
DA:50,0
DA:52,0
DA:53,0
DA:54,0
DA:55,0
DA:56,0
DA:58,0
DA:59,0
DA:61,0
DA:62,0
DA:64,0
DA:65,0
DA:67,0
DA:68,0
DA:70,0
DA:71,0
DA:73,0
DA:74,0
DA:76,0
DA:77,0
DA:79,0
DA:80,0
DA:82,0
DA:83,0
DA:85,0
DA:86,0
DA:88,0
DA:89,0
DA:91,0
DA:92,0
DA:94,0
DA:95,0
DA:96,0
DA:98,0
LF:68
LH:34
BRDA:4,0,0,1
BRDA:4,0,1,0
BRDA:7,1,0,1
BRDA:7,1,1,0
BRDA:10,2,0,1
BRDA:10,2,1,0
BRDA:13,3,0,1
BRDA:13,3,1,0
BRDA:16,4,0,1
BRDA:16,4,1,0
BRDA:19,5,0,1
BRDA:19,5,1,0
BRDA:22,6,0,1
BRDA:22,6,1,0
BRDA:25,7,0,1
BRDA:25,7,1,0
BRDA:28,8,0,1
BRDA:28,8,1,0
BRDA:31,9,0,1
BRDA:31,9,1,0
BRDA:34,10,0,1
BRDA:34,10,1,0
BRDA:37,11,0,1
BRDA:37,11,1,0
BRDA:40,12,0,1
BRDA:40,12,1,0
BRDA:43,13,0,1
BRDA:43,13,1,0
BRDA:46,14,0,1
BRDA:46,14,1,0
BRDA:52,15,0,0
BRDA:52,15,1,0
BRDA:55,16,0,0
BRDA:55,16,1,0
BRDA:58,17,0,0
BRDA:58,17,1,0
BRDA:61,18,0,0
BRDA:61,18,1,0
BRDA:64,19,0,0
BRDA:64,19,1,0
BRDA:67,20,0,0
BRDA:67,20,1,0
BRDA:70,21,0,0
BRDA:70,21,1,0
BRDA:73,22,0,0
BRDA:73,22,1,0
BRDA:76,23,0,0
BRDA:76,23,1,0
BRDA:79,24,0,0
BRDA:79,24,1,0
BRDA:82,25,0,0
BRDA:82,25,1,0
BRDA:85,26,0,0
BRDA:85,26,1,0
BRDA:88,27,0,0
BRDA:88,27,1,0
BRDA:91,28,0,0
BRDA:91,28,1,0
BRF:58
BRH:15
end_of_record
TN:
SF:src\models\users.js
FNF:0
FNH:0
DA:1,1
DA:3,1
DA:30,1
DA:32,1
LF:4
LH:4
BRF:0
BRH:0
end_of_record
