{"D:\\React-application-project\\videochat\\src\\api\\handlers\\appointments\\createAppointment.js": {"path":"D:\\React-application-project\\videochat\\src\\api\\handlers\\appointments\\createAppointment.js","all":false,"statementMap":{"0":{"start":{"line":1,"column":0},"end":{"line":1,"column":70}},"1":{"start":{"line":2,"column":0},"end":{"line":2,"column":0}},"2":{"start":{"line":3,"column":0},"end":{"line":3,"column":56}},"3":{"start":{"line":4,"column":0},"end":{"line":4,"column":91}},"4":{"start":{"line":5,"column":0},"end":{"line":5,"column":80}},"5":{"start":{"line":6,"column":0},"end":{"line":6,"column":0}},"6":{"start":{"line":7,"column":0},"end":{"line":7,"column":106}},"7":{"start":{"line":8,"column":0},"end":{"line":8,"column":0}},"8":{"start":{"line":9,"column":0},"end":{"line":9,"column":13}},"9":{"start":{"line":10,"column":0},"end":{"line":10,"column":37}},"10":{"start":{"line":11,"column":0},"end":{"line":11,"column":42}},"11":{"start":{"line":12,"column":0},"end":{"line":12,"column":23}},"12":{"start":{"line":13,"column":0},"end":{"line":13,"column":35}},"13":{"start":{"line":14,"column":0},"end":{"line":14,"column":10}},"14":{"start":{"line":15,"column":0},"end":{"line":15,"column":0}},"15":{"start":{"line":16,"column":0},"end":{"line":16,"column":12}},"16":{"start":{"line":17,"column":0},"end":{"line":17,"column":71}},"17":{"start":{"line":18,"column":0},"end":{"line":18,"column":6}},"18":{"start":{"line":19,"column":0},"end":{"line":19,"column":2}}},"s":{"0":1,"1":1,"2":1,"3":3,"4":2,"5":2,"6":2,"7":2,"8":2,"9":2,"10":1,"11":1,"12":1,"13":2,"14":2,"15":3,"16":1,"17":3,"18":3},"branchMap":{"0":{"type":"branch","line":3,"loc":{"start":{"line":3,"column":35},"end":{"line":19,"column":2}},"locations":[{"start":{"line":3,"column":35},"end":{"line":19,"column":2}}]},"1":{"type":"branch","line":4,"loc":{"start":{"line":4,"column":90},"end":{"line":16,"column":5}},"locations":[{"start":{"line":4,"column":90},"end":{"line":16,"column":5}}]},"2":{"type":"branch","line":10,"loc":{"start":{"line":10,"column":36},"end":{"line":14,"column":9}},"locations":[{"start":{"line":10,"column":36},"end":{"line":14,"column":9}}]},"3":{"type":"branch","line":16,"loc":{"start":{"line":16,"column":5},"end":{"line":18,"column":5}},"locations":[{"start":{"line":16,"column":5},"end":{"line":18,"column":5}}]}},"b":{"0":[3],"1":[2],"2":[1],"3":[1]},"fnMap":{"0":{"name":"Object.<anonymous>.module.exports.createAppointment","decl":{"start":{"line":3,"column":35},"end":{"line":19,"column":2}},"loc":{"start":{"line":3,"column":35},"end":{"line":19,"column":2}},"line":3}},"f":{"0":3}}
,"D:\\React-application-project\\videochat\\src\\api\\handlers\\appointments\\deleteAppointment.js": {"path":"D:\\React-application-project\\videochat\\src\\api\\handlers\\appointments\\deleteAppointment.js","all":false,"statementMap":{"0":{"start":{"line":1,"column":0},"end":{"line":1,"column":70}},"1":{"start":{"line":2,"column":0},"end":{"line":2,"column":0}},"2":{"start":{"line":3,"column":0},"end":{"line":3,"column":56}},"3":{"start":{"line":4,"column":0},"end":{"line":4,"column":91}},"4":{"start":{"line":5,"column":0},"end":{"line":5,"column":33}},"5":{"start":{"line":6,"column":0},"end":{"line":6,"column":13}},"6":{"start":{"line":7,"column":0},"end":{"line":7,"column":23}},"7":{"start":{"line":8,"column":0},"end":{"line":8,"column":86}},"8":{"start":{"line":9,"column":0},"end":{"line":9,"column":13}},"9":{"start":{"line":10,"column":0},"end":{"line":10,"column":81}},"10":{"start":{"line":11,"column":0},"end":{"line":11,"column":0}},"11":{"start":{"line":12,"column":0},"end":{"line":12,"column":30}},"12":{"start":{"line":13,"column":0},"end":{"line":13,"column":91}},"13":{"start":{"line":14,"column":0},"end":{"line":14,"column":13}},"14":{"start":{"line":15,"column":0},"end":{"line":15,"column":0}},"15":{"start":{"line":16,"column":0},"end":{"line":16,"column":42}},"16":{"start":{"line":17,"column":0},"end":{"line":17,"column":25}},"17":{"start":{"line":18,"column":0},"end":{"line":18,"column":35}},"18":{"start":{"line":19,"column":0},"end":{"line":19,"column":9}},"19":{"start":{"line":20,"column":0},"end":{"line":20,"column":12}},"20":{"start":{"line":21,"column":0},"end":{"line":21,"column":71}},"21":{"start":{"line":22,"column":0},"end":{"line":22,"column":6}},"22":{"start":{"line":23,"column":0},"end":{"line":23,"column":1}}},"s":{"0":1,"1":1,"2":1,"3":5,"4":4,"5":4,"6":4,"7":1,"8":1,"9":3,"10":2,"11":2,"12":1,"13":1,"14":1,"15":1,"16":4,"17":1,"18":1,"19":5,"20":1,"21":5,"22":5},"branchMap":{"0":{"type":"branch","line":3,"loc":{"start":{"line":3,"column":35},"end":{"line":23,"column":1}},"locations":[{"start":{"line":3,"column":35},"end":{"line":23,"column":1}}]},"1":{"type":"branch","line":4,"loc":{"start":{"line":4,"column":90},"end":{"line":20,"column":5}},"locations":[{"start":{"line":4,"column":90},"end":{"line":20,"column":5}}]},"2":{"type":"branch","line":7,"loc":{"start":{"line":7,"column":22},"end":{"line":10,"column":81}},"locations":[{"start":{"line":7,"column":22},"end":{"line":10,"column":81}}]},"3":{"type":"branch","line":7,"loc":{"start":{"line":7,"column":22},"end":{"line":9,"column":13}},"locations":[{"start":{"line":7,"column":22},"end":{"line":9,"column":13}}]},"4":{"type":"branch","line":11,"loc":{"start":{"line":11,"column":-2},"end":{"line":17,"column":10}},"locations":[{"start":{"line":11,"column":-2},"end":{"line":17,"column":10}}]},"5":{"type":"branch","line":12,"loc":{"start":{"line":12,"column":29},"end":{"line":17,"column":10}},"locations":[{"start":{"line":12,"column":29},"end":{"line":17,"column":10}}]},"6":{"type":"branch","line":17,"loc":{"start":{"line":17,"column":10},"end":{"line":19,"column":9}},"locations":[{"start":{"line":17,"column":10},"end":{"line":19,"column":9}}]},"7":{"type":"branch","line":20,"loc":{"start":{"line":20,"column":5},"end":{"line":22,"column":5}},"locations":[{"start":{"line":20,"column":5},"end":{"line":22,"column":5}}]}},"b":{"0":[5],"1":[4],"2":[3],"3":[1],"4":[2],"5":[1],"6":[1],"7":[1]},"fnMap":{"0":{"name":"Object.<anonymous>.module.exports.deleteAppointment","decl":{"start":{"line":3,"column":35},"end":{"line":23,"column":1}},"loc":{"start":{"line":3,"column":35},"end":{"line":23,"column":1}},"line":3}},"f":{"0":5}}
,"D:\\React-application-project\\videochat\\src\\api\\handlers\\appointments\\getAppointments.js": {"path":"D:\\React-application-project\\videochat\\src\\api\\handlers\\appointments\\getAppointments.js","all":false,"statementMap":{"0":{"start":{"line":1,"column":0},"end":{"line":1,"column":70}},"1":{"start":{"line":2,"column":0},"end":{"line":2,"column":0}},"2":{"start":{"line":3,"column":0},"end":{"line":3,"column":53}},"3":{"start":{"line":4,"column":0},"end":{"line":4,"column":49}},"4":{"start":{"line":5,"column":0},"end":{"line":5,"column":13}},"5":{"start":{"line":6,"column":0},"end":{"line":6,"column":120}},"6":{"start":{"line":7,"column":0},"end":{"line":7,"column":54}},"7":{"start":{"line":8,"column":0},"end":{"line":8,"column":23}},"8":{"start":{"line":9,"column":0},"end":{"line":9,"column":35}},"9":{"start":{"line":10,"column":0},"end":{"line":10,"column":10}},"10":{"start":{"line":11,"column":0},"end":{"line":11,"column":5}},"11":{"start":{"line":12,"column":0},"end":{"line":12,"column":91}},"12":{"start":{"line":13,"column":0},"end":{"line":13,"column":13}},"13":{"start":{"line":14,"column":0},"end":{"line":14,"column":44}},"14":{"start":{"line":15,"column":0},"end":{"line":15,"column":0}},"15":{"start":{"line":16,"column":0},"end":{"line":16,"column":31}},"16":{"start":{"line":17,"column":0},"end":{"line":17,"column":0}},"17":{"start":{"line":18,"column":0},"end":{"line":18,"column":28}},"18":{"start":{"line":19,"column":0},"end":{"line":19,"column":46}},"19":{"start":{"line":20,"column":0},"end":{"line":20,"column":13}},"20":{"start":{"line":21,"column":0},"end":{"line":21,"column":100}},"21":{"start":{"line":22,"column":0},"end":{"line":22,"column":54}},"22":{"start":{"line":23,"column":0},"end":{"line":23,"column":23}},"23":{"start":{"line":24,"column":0},"end":{"line":24,"column":35}},"24":{"start":{"line":25,"column":0},"end":{"line":25,"column":10}},"25":{"start":{"line":26,"column":0},"end":{"line":26,"column":5}},"26":{"start":{"line":27,"column":0},"end":{"line":27,"column":2}}},"s":{"0":1,"1":1,"2":1,"3":5,"4":2,"5":2,"6":1,"7":1,"8":1,"9":2,"10":2,"11":5,"12":3,"13":3,"14":3,"15":3,"16":3,"17":3,"18":2,"19":2,"20":2,"21":2,"22":3,"23":1,"24":3,"25":3,"26":5},"branchMap":{"0":{"type":"branch","line":3,"loc":{"start":{"line":3,"column":32},"end":{"line":27,"column":2}},"locations":[{"start":{"line":3,"column":32},"end":{"line":27,"column":2}}]},"1":{"type":"branch","line":4,"loc":{"start":{"line":4,"column":48},"end":{"line":11,"column":5}},"locations":[{"start":{"line":4,"column":48},"end":{"line":11,"column":5}}]},"2":{"type":"branch","line":6,"loc":{"start":{"line":6,"column":119},"end":{"line":10,"column":9}},"locations":[{"start":{"line":6,"column":119},"end":{"line":10,"column":9}}]},"3":{"type":"branch","line":11,"loc":{"start":{"line":11,"column":4},"end":{"line":12,"column":88}},"locations":[{"start":{"line":11,"column":4},"end":{"line":12,"column":88}}]},"4":{"type":"branch","line":12,"loc":{"start":{"line":12,"column":90},"end":{"line":26,"column":5}},"locations":[{"start":{"line":12,"column":90},"end":{"line":26,"column":5}}]},"5":{"type":"branch","line":18,"loc":{"start":{"line":18,"column":27},"end":{"line":23,"column":10}},"locations":[{"start":{"line":18,"column":27},"end":{"line":23,"column":10}}]},"6":{"type":"branch","line":23,"loc":{"start":{"line":23,"column":10},"end":{"line":25,"column":9}},"locations":[{"start":{"line":23,"column":10},"end":{"line":25,"column":9}}]}},"b":{"0":[5],"1":[2],"2":[1],"3":[4],"4":[3],"5":[2],"6":[1]},"fnMap":{"0":{"name":"Object.<anonymous>.module.exports.getAppointment","decl":{"start":{"line":3,"column":32},"end":{"line":27,"column":2}},"loc":{"start":{"line":3,"column":32},"end":{"line":27,"column":2}},"line":3}},"f":{"0":5}}
,"D:\\React-application-project\\videochat\\src\\api\\handlers\\appointments\\updateAppointment.js": {"path":"D:\\React-application-project\\videochat\\src\\api\\handlers\\appointments\\updateAppointment.js","all":false,"statementMap":{"0":{"start":{"line":1,"column":0},"end":{"line":1,"column":70}},"1":{"start":{"line":2,"column":0},"end":{"line":2,"column":0}},"2":{"start":{"line":3,"column":0},"end":{"line":3,"column":56}},"3":{"start":{"line":4,"column":0},"end":{"line":4,"column":91}},"4":{"start":{"line":5,"column":0},"end":{"line":5,"column":50}},"5":{"start":{"line":6,"column":0},"end":{"line":6,"column":0}},"6":{"start":{"line":7,"column":0},"end":{"line":7,"column":13}},"7":{"start":{"line":8,"column":0},"end":{"line":8,"column":102}},"8":{"start":{"line":9,"column":0},"end":{"line":9,"column":0}},"9":{"start":{"line":10,"column":0},"end":{"line":10,"column":33}},"10":{"start":{"line":11,"column":0},"end":{"line":11,"column":64}},"11":{"start":{"line":12,"column":0},"end":{"line":12,"column":13}},"12":{"start":{"line":13,"column":0},"end":{"line":13,"column":0}},"13":{"start":{"line":14,"column":0},"end":{"line":14,"column":42}},"14":{"start":{"line":15,"column":0},"end":{"line":15,"column":25}},"15":{"start":{"line":16,"column":0},"end":{"line":16,"column":33}},"16":{"start":{"line":17,"column":0},"end":{"line":17,"column":65}},"17":{"start":{"line":18,"column":0},"end":{"line":18,"column":9}},"18":{"start":{"line":19,"column":0},"end":{"line":19,"column":12}},"19":{"start":{"line":20,"column":0},"end":{"line":20,"column":71}},"20":{"start":{"line":21,"column":0},"end":{"line":21,"column":6}},"21":{"start":{"line":22,"column":0},"end":{"line":22,"column":2}}},"s":{"0":1,"1":1,"2":1,"3":4,"4":3,"5":3,"6":3,"7":3,"8":2,"9":2,"10":1,"11":1,"12":1,"13":1,"14":3,"15":1,"16":1,"17":1,"18":4,"19":1,"20":4,"21":4},"branchMap":{"0":{"type":"branch","line":3,"loc":{"start":{"line":3,"column":35},"end":{"line":22,"column":2}},"locations":[{"start":{"line":3,"column":35},"end":{"line":22,"column":2}}]},"1":{"type":"branch","line":4,"loc":{"start":{"line":4,"column":90},"end":{"line":19,"column":5}},"locations":[{"start":{"line":4,"column":90},"end":{"line":19,"column":5}}]},"2":{"type":"branch","line":8,"loc":{"start":{"line":8,"column":101},"end":{"line":15,"column":10}},"locations":[{"start":{"line":8,"column":101},"end":{"line":15,"column":10}}]},"3":{"type":"branch","line":10,"loc":{"start":{"line":10,"column":32},"end":{"line":15,"column":10}},"locations":[{"start":{"line":10,"column":32},"end":{"line":15,"column":10}}]},"4":{"type":"branch","line":15,"loc":{"start":{"line":15,"column":10},"end":{"line":18,"column":9}},"locations":[{"start":{"line":15,"column":10},"end":{"line":18,"column":9}}]},"5":{"type":"branch","line":19,"loc":{"start":{"line":19,"column":5},"end":{"line":21,"column":5}},"locations":[{"start":{"line":19,"column":5},"end":{"line":21,"column":5}}]}},"b":{"0":[4],"1":[3],"2":[2],"3":[1],"4":[1],"5":[1]},"fnMap":{"0":{"name":"Object.<anonymous>.module.exports.updateAppointment","decl":{"start":{"line":3,"column":35},"end":{"line":22,"column":2}},"loc":{"start":{"line":3,"column":35},"end":{"line":22,"column":2}},"line":3}},"f":{"0":4}}
,"D:\\React-application-project\\videochat\\src\\api\\handlers\\rooms\\createRoom.js": {"path":"D:\\React-application-project\\videochat\\src\\api\\handlers\\rooms\\createRoom.js","all":false,"statementMap":{"0":{"start":{"line":1,"column":0},"end":{"line":1,"column":56}},"1":{"start":{"line":2,"column":0},"end":{"line":2,"column":0}},"2":{"start":{"line":3,"column":0},"end":{"line":3,"column":49}},"3":{"start":{"line":4,"column":0},"end":{"line":4,"column":91}},"4":{"start":{"line":5,"column":0},"end":{"line":5,"column":68}},"5":{"start":{"line":6,"column":0},"end":{"line":6,"column":83}},"6":{"start":{"line":7,"column":0},"end":{"line":7,"column":13}},"7":{"start":{"line":8,"column":0},"end":{"line":8,"column":33}},"8":{"start":{"line":9,"column":0},"end":{"line":9,"column":52}},"9":{"start":{"line":10,"column":0},"end":{"line":10,"column":23}},"10":{"start":{"line":11,"column":0},"end":{"line":11,"column":35}},"11":{"start":{"line":12,"column":0},"end":{"line":12,"column":10}},"12":{"start":{"line":13,"column":0},"end":{"line":13,"column":12}},"13":{"start":{"line":14,"column":0},"end":{"line":14,"column":71}},"14":{"start":{"line":15,"column":0},"end":{"line":15,"column":6}},"15":{"start":{"line":16,"column":0},"end":{"line":16,"column":1}}},"s":{"0":1,"1":1,"2":1,"3":3,"4":2,"5":2,"6":2,"7":2,"8":1,"9":1,"10":1,"11":2,"12":3,"13":1,"14":3,"15":3},"branchMap":{"0":{"type":"branch","line":3,"loc":{"start":{"line":3,"column":28},"end":{"line":16,"column":1}},"locations":[{"start":{"line":3,"column":28},"end":{"line":16,"column":1}}]},"1":{"type":"branch","line":4,"loc":{"start":{"line":4,"column":90},"end":{"line":13,"column":5}},"locations":[{"start":{"line":4,"column":90},"end":{"line":13,"column":5}}]},"2":{"type":"branch","line":8,"loc":{"start":{"line":8,"column":32},"end":{"line":12,"column":9}},"locations":[{"start":{"line":8,"column":32},"end":{"line":12,"column":9}}]},"3":{"type":"branch","line":13,"loc":{"start":{"line":13,"column":5},"end":{"line":15,"column":5}},"locations":[{"start":{"line":13,"column":5},"end":{"line":15,"column":5}}]}},"b":{"0":[3],"1":[2],"2":[1],"3":[1]},"fnMap":{"0":{"name":"Object.<anonymous>.module.exports.createRoom","decl":{"start":{"line":3,"column":28},"end":{"line":16,"column":1}},"loc":{"start":{"line":3,"column":28},"end":{"line":16,"column":1}},"line":3}},"f":{"0":3}}
,"D:\\React-application-project\\videochat\\src\\api\\handlers\\rooms\\deleteRoom.js": {"path":"D:\\React-application-project\\videochat\\src\\api\\handlers\\rooms\\deleteRoom.js","all":false,"statementMap":{"0":{"start":{"line":1,"column":0},"end":{"line":1,"column":56}},"1":{"start":{"line":2,"column":0},"end":{"line":2,"column":0}},"2":{"start":{"line":3,"column":0},"end":{"line":3,"column":49}},"3":{"start":{"line":4,"column":0},"end":{"line":4,"column":49}},"4":{"start":{"line":5,"column":0},"end":{"line":5,"column":36}},"5":{"start":{"line":6,"column":0},"end":{"line":6,"column":13}},"6":{"start":{"line":7,"column":0},"end":{"line":7,"column":26}},"7":{"start":{"line":8,"column":0},"end":{"line":8,"column":96}},"8":{"start":{"line":9,"column":0},"end":{"line":9,"column":13}},"9":{"start":{"line":10,"column":0},"end":{"line":10,"column":71}},"10":{"start":{"line":11,"column":0},"end":{"line":11,"column":0}},"11":{"start":{"line":12,"column":0},"end":{"line":12,"column":24}},"12":{"start":{"line":13,"column":0},"end":{"line":13,"column":81}},"13":{"start":{"line":14,"column":0},"end":{"line":14,"column":13}},"14":{"start":{"line":15,"column":0},"end":{"line":15,"column":0}},"15":{"start":{"line":16,"column":0},"end":{"line":16,"column":42}},"16":{"start":{"line":17,"column":0},"end":{"line":17,"column":23}},"17":{"start":{"line":18,"column":0},"end":{"line":18,"column":35}},"18":{"start":{"line":19,"column":0},"end":{"line":19,"column":10}},"19":{"start":{"line":20,"column":0},"end":{"line":20,"column":12}},"20":{"start":{"line":21,"column":0},"end":{"line":21,"column":71}},"21":{"start":{"line":22,"column":0},"end":{"line":22,"column":6}},"22":{"start":{"line":23,"column":0},"end":{"line":23,"column":1}}},"s":{"0":1,"1":1,"2":1,"3":5,"4":4,"5":4,"6":4,"7":2,"8":2,"9":2,"10":2,"11":3,"12":1,"13":1,"14":1,"15":1,"16":3,"17":0,"18":4,"19":5,"20":1,"21":5,"22":5},"branchMap":{"0":{"type":"branch","line":3,"loc":{"start":{"line":3,"column":28},"end":{"line":23,"column":1}},"locations":[{"start":{"line":3,"column":28},"end":{"line":23,"column":1}}]},"1":{"type":"branch","line":4,"loc":{"start":{"line":4,"column":48},"end":{"line":20,"column":5}},"locations":[{"start":{"line":4,"column":48},"end":{"line":20,"column":5}}]},"2":{"type":"branch","line":7,"loc":{"start":{"line":7,"column":25},"end":{"line":9,"column":13}},"locations":[{"start":{"line":7,"column":25},"end":{"line":9,"column":13}}]},"3":{"type":"branch","line":9,"loc":{"start":{"line":9,"column":12},"end":{"line":19,"column":9}},"locations":[{"start":{"line":9,"column":12},"end":{"line":19,"column":9}}]},"4":{"type":"branch","line":9,"loc":{"start":{"line":9,"column":12},"end":{"line":12,"column":23}},"locations":[{"start":{"line":9,"column":12},"end":{"line":12,"column":23}}]},"5":{"type":"branch","line":12,"loc":{"start":{"line":12,"column":23},"end":{"line":17,"column":10}},"locations":[{"start":{"line":12,"column":23},"end":{"line":17,"column":10}}]},"6":{"type":"branch","line":17,"loc":{"start":{"line":17,"column":10},"end":{"line":19,"column":9}},"locations":[{"start":{"line":17,"column":10},"end":{"line":19,"column":9}}]},"7":{"type":"branch","line":20,"loc":{"start":{"line":20,"column":5},"end":{"line":22,"column":5}},"locations":[{"start":{"line":20,"column":5},"end":{"line":22,"column":5}}]}},"b":{"0":[5],"1":[4],"2":[2],"3":[3],"4":[2],"5":[1],"6":[0],"7":[1]},"fnMap":{"0":{"name":"Object.<anonymous>.module.exports.deleteRoom","decl":{"start":{"line":3,"column":28},"end":{"line":23,"column":1}},"loc":{"start":{"line":3,"column":28},"end":{"line":23,"column":1}},"line":3}},"f":{"0":5}}
,"D:\\React-application-project\\videochat\\src\\api\\handlers\\rooms\\roomPassVerify.js": {"path":"D:\\React-application-project\\videochat\\src\\api\\handlers\\rooms\\roomPassVerify.js","all":false,"statementMap":{"0":{"start":{"line":1,"column":0},"end":{"line":1,"column":56}},"1":{"start":{"line":2,"column":0},"end":{"line":2,"column":0}},"2":{"start":{"line":3,"column":0},"end":{"line":3,"column":53}},"3":{"start":{"line":4,"column":0},"end":{"line":4,"column":9}},"4":{"start":{"line":5,"column":0},"end":{"line":5,"column":47}},"5":{"start":{"line":6,"column":0},"end":{"line":6,"column":22}},"6":{"start":{"line":7,"column":0},"end":{"line":7,"column":85}},"7":{"start":{"line":8,"column":0},"end":{"line":8,"column":9}},"8":{"start":{"line":9,"column":0},"end":{"line":9,"column":0}},"9":{"start":{"line":10,"column":0},"end":{"line":10,"column":24}},"10":{"start":{"line":11,"column":0},"end":{"line":11,"column":87}},"11":{"start":{"line":12,"column":0},"end":{"line":12,"column":9}},"12":{"start":{"line":13,"column":0},"end":{"line":13,"column":0}},"13":{"start":{"line":14,"column":0},"end":{"line":14,"column":64}},"14":{"start":{"line":15,"column":0},"end":{"line":15,"column":0}},"15":{"start":{"line":16,"column":0},"end":{"line":16,"column":26}},"16":{"start":{"line":17,"column":0},"end":{"line":17,"column":96}},"17":{"start":{"line":18,"column":0},"end":{"line":18,"column":10}},"18":{"start":{"line":19,"column":0},"end":{"line":19,"column":47}},"19":{"start":{"line":20,"column":0},"end":{"line":20,"column":42}},"20":{"start":{"line":21,"column":0},"end":{"line":21,"column":10}},"21":{"start":{"line":22,"column":0},"end":{"line":22,"column":31}},"22":{"start":{"line":23,"column":0},"end":{"line":23,"column":21}},"23":{"start":{"line":24,"column":0},"end":{"line":24,"column":29}},"24":{"start":{"line":25,"column":0},"end":{"line":25,"column":31}},"25":{"start":{"line":26,"column":0},"end":{"line":26,"column":5}},"26":{"start":{"line":27,"column":0},"end":{"line":27,"column":1}}},"s":{"0":1,"1":1,"2":1,"3":6,"4":6,"5":6,"6":1,"7":1,"8":4,"9":5,"10":1,"11":1,"12":3,"13":3,"14":3,"15":5,"16":1,"17":5,"18":5,"19":1,"20":1,"21":1,"22":6,"23":1,"24":1,"25":1,"26":6},"branchMap":{"0":{"type":"branch","line":3,"loc":{"start":{"line":3,"column":32},"end":{"line":27,"column":1}},"locations":[{"start":{"line":3,"column":32},"end":{"line":27,"column":1}}]},"1":{"type":"branch","line":6,"loc":{"start":{"line":6,"column":21},"end":{"line":23,"column":6}},"locations":[{"start":{"line":6,"column":21},"end":{"line":23,"column":6}}]},"2":{"type":"branch","line":6,"loc":{"start":{"line":6,"column":21},"end":{"line":8,"column":9}},"locations":[{"start":{"line":6,"column":21},"end":{"line":8,"column":9}}]},"3":{"type":"branch","line":8,"loc":{"start":{"line":8,"column":8},"end":{"line":10,"column":23}},"locations":[{"start":{"line":8,"column":8},"end":{"line":10,"column":23}}]},"4":{"type":"branch","line":10,"loc":{"start":{"line":10,"column":23},"end":{"line":12,"column":9}},"locations":[{"start":{"line":10,"column":23},"end":{"line":12,"column":9}}]},"5":{"type":"branch","line":12,"loc":{"start":{"line":12,"column":8},"end":{"line":16,"column":25}},"locations":[{"start":{"line":12,"column":8},"end":{"line":16,"column":25}}]},"6":{"type":"branch","line":16,"loc":{"start":{"line":16,"column":25},"end":{"line":18,"column":9}},"locations":[{"start":{"line":16,"column":25},"end":{"line":18,"column":9}}]},"7":{"type":"branch","line":18,"loc":{"start":{"line":18,"column":8},"end":{"line":19,"column":46}},"locations":[{"start":{"line":18,"column":8},"end":{"line":19,"column":46}}]},"8":{"type":"branch","line":19,"loc":{"start":{"line":19,"column":46},"end":{"line":23,"column":6}},"locations":[{"start":{"line":19,"column":46},"end":{"line":23,"column":6}}]},"9":{"type":"branch","line":23,"loc":{"start":{"line":23,"column":6},"end":{"line":26,"column":5}},"locations":[{"start":{"line":23,"column":6},"end":{"line":26,"column":5}}]}},"b":{"0":[6],"1":[5],"2":[1],"3":[4],"4":[1],"5":[3],"6":[1],"7":[2],"8":[1],"9":[1]},"fnMap":{"0":{"name":"Object.<anonymous>.module.exports.roomPassVerify","decl":{"start":{"line":3,"column":32},"end":{"line":27,"column":1}},"loc":{"start":{"line":3,"column":32},"end":{"line":27,"column":1}},"line":3}},"f":{"0":6}}
,"D:\\React-application-project\\videochat\\src\\api\\handlers\\rooms\\roomVerify.js": {"path":"D:\\React-application-project\\videochat\\src\\api\\handlers\\rooms\\roomVerify.js","all":false,"statementMap":{"0":{"start":{"line":1,"column":0},"end":{"line":1,"column":56}},"1":{"start":{"line":2,"column":0},"end":{"line":2,"column":0}},"2":{"start":{"line":3,"column":0},"end":{"line":3,"column":49}},"3":{"start":{"line":4,"column":0},"end":{"line":4,"column":9}},"4":{"start":{"line":5,"column":0},"end":{"line":5,"column":37}},"5":{"start":{"line":6,"column":0},"end":{"line":6,"column":22}},"6":{"start":{"line":7,"column":0},"end":{"line":7,"column":85}},"7":{"start":{"line":8,"column":0},"end":{"line":8,"column":9}},"8":{"start":{"line":9,"column":0},"end":{"line":9,"column":0}},"9":{"start":{"line":10,"column":0},"end":{"line":10,"column":64}},"10":{"start":{"line":11,"column":0},"end":{"line":11,"column":0}},"11":{"start":{"line":12,"column":0},"end":{"line":12,"column":26}},"12":{"start":{"line":13,"column":0},"end":{"line":13,"column":42}},"13":{"start":{"line":14,"column":0},"end":{"line":14,"column":9}},"14":{"start":{"line":15,"column":0},"end":{"line":15,"column":31}},"15":{"start":{"line":16,"column":0},"end":{"line":16,"column":21}},"16":{"start":{"line":17,"column":0},"end":{"line":17,"column":29}},"17":{"start":{"line":18,"column":0},"end":{"line":18,"column":31}},"18":{"start":{"line":19,"column":0},"end":{"line":19,"column":5}},"19":{"start":{"line":20,"column":0},"end":{"line":20,"column":1}}},"s":{"0":1,"1":1,"2":1,"3":5,"4":5,"5":5,"6":1,"7":1,"8":3,"9":3,"10":3,"11":4,"12":1,"13":1,"14":2,"15":5,"16":1,"17":1,"18":1,"19":5},"branchMap":{"0":{"type":"branch","line":3,"loc":{"start":{"line":3,"column":28},"end":{"line":20,"column":1}},"locations":[{"start":{"line":3,"column":28},"end":{"line":20,"column":1}}]},"1":{"type":"branch","line":6,"loc":{"start":{"line":6,"column":21},"end":{"line":16,"column":6}},"locations":[{"start":{"line":6,"column":21},"end":{"line":16,"column":6}}]},"2":{"type":"branch","line":6,"loc":{"start":{"line":6,"column":21},"end":{"line":8,"column":9}},"locations":[{"start":{"line":6,"column":21},"end":{"line":8,"column":9}}]},"3":{"type":"branch","line":8,"loc":{"start":{"line":8,"column":8},"end":{"line":12,"column":25}},"locations":[{"start":{"line":8,"column":8},"end":{"line":12,"column":25}}]},"4":{"type":"branch","line":12,"loc":{"start":{"line":12,"column":25},"end":{"line":14,"column":9}},"locations":[{"start":{"line":12,"column":25},"end":{"line":14,"column":9}}]},"5":{"type":"branch","line":14,"loc":{"start":{"line":14,"column":8},"end":{"line":16,"column":6}},"locations":[{"start":{"line":14,"column":8},"end":{"line":16,"column":6}}]},"6":{"type":"branch","line":16,"loc":{"start":{"line":16,"column":6},"end":{"line":19,"column":5}},"locations":[{"start":{"line":16,"column":6},"end":{"line":19,"column":5}}]}},"b":{"0":[5],"1":[4],"2":[1],"3":[3],"4":[1],"5":[2],"6":[1]},"fnMap":{"0":{"name":"Object.<anonymous>.module.exports.roomVerify","decl":{"start":{"line":3,"column":28},"end":{"line":20,"column":1}},"loc":{"start":{"line":3,"column":28},"end":{"line":20,"column":1}},"line":3}},"f":{"0":5}}
,"D:\\React-application-project\\videochat\\src\\api\\handlers\\rooms\\showAvailableRooms.js": {"path":"D:\\React-application-project\\videochat\\src\\api\\handlers\\rooms\\showAvailableRooms.js","all":false,"statementMap":{"0":{"start":{"line":1,"column":0},"end":{"line":1,"column":56}},"1":{"start":{"line":2,"column":0},"end":{"line":2,"column":0}},"2":{"start":{"line":3,"column":0},"end":{"line":3,"column":57}},"3":{"start":{"line":4,"column":0},"end":{"line":4,"column":49}},"4":{"start":{"line":5,"column":0},"end":{"line":5,"column":13}},"5":{"start":{"line":6,"column":0},"end":{"line":6,"column":53}},"6":{"start":{"line":7,"column":0},"end":{"line":7,"column":50}},"7":{"start":{"line":8,"column":0},"end":{"line":8,"column":23}},"8":{"start":{"line":9,"column":0},"end":{"line":9,"column":35}},"9":{"start":{"line":10,"column":0},"end":{"line":10,"column":10}},"10":{"start":{"line":11,"column":0},"end":{"line":11,"column":12}},"11":{"start":{"line":12,"column":0},"end":{"line":12,"column":71}},"12":{"start":{"line":13,"column":0},"end":{"line":13,"column":6}},"13":{"start":{"line":14,"column":0},"end":{"line":14,"column":1}}},"s":{"0":1,"1":1,"2":1,"3":3,"4":2,"5":2,"6":1,"7":1,"8":1,"9":2,"10":3,"11":1,"12":3,"13":3},"branchMap":{"0":{"type":"branch","line":3,"loc":{"start":{"line":3,"column":36},"end":{"line":14,"column":1}},"locations":[{"start":{"line":3,"column":36},"end":{"line":14,"column":1}}]},"1":{"type":"branch","line":4,"loc":{"start":{"line":4,"column":48},"end":{"line":11,"column":5}},"locations":[{"start":{"line":4,"column":48},"end":{"line":11,"column":5}}]},"2":{"type":"branch","line":6,"loc":{"start":{"line":6,"column":52},"end":{"line":10,"column":9}},"locations":[{"start":{"line":6,"column":52},"end":{"line":10,"column":9}}]},"3":{"type":"branch","line":11,"loc":{"start":{"line":11,"column":5},"end":{"line":13,"column":5}},"locations":[{"start":{"line":11,"column":5},"end":{"line":13,"column":5}}]}},"b":{"0":[3],"1":[2],"2":[1],"3":[1]},"fnMap":{"0":{"name":"Object.<anonymous>.module.exports.showAvailableRooms","decl":{"start":{"line":3,"column":36},"end":{"line":14,"column":1}},"loc":{"start":{"line":3,"column":36},"end":{"line":14,"column":1}},"line":3}},"f":{"0":3}}
,"D:\\React-application-project\\videochat\\src\\api\\handlers\\users\\createNewUser.js": {"path":"D:\\React-application-project\\videochat\\src\\api\\handlers\\users\\createNewUser.js","all":false,"statementMap":{"0":{"start":{"line":1,"column":0},"end":{"line":1,"column":51}},"1":{"start":{"line":2,"column":0},"end":{"line":2,"column":0}},"2":{"start":{"line":3,"column":0},"end":{"line":3,"column":52}},"3":{"start":{"line":4,"column":0},"end":{"line":4,"column":49}},"4":{"start":{"line":5,"column":0},"end":{"line":5,"column":13}},"5":{"start":{"line":6,"column":0},"end":{"line":6,"column":254}},"6":{"start":{"line":7,"column":0},"end":{"line":7,"column":264}},"7":{"start":{"line":8,"column":0},"end":{"line":8,"column":33}},"8":{"start":{"line":9,"column":0},"end":{"line":9,"column":42}},"9":{"start":{"line":10,"column":0},"end":{"line":10,"column":23}},"10":{"start":{"line":11,"column":0},"end":{"line":11,"column":71}},"11":{"start":{"line":12,"column":0},"end":{"line":12,"column":10}},"12":{"start":{"line":13,"column":0},"end":{"line":13,"column":51}},"13":{"start":{"line":14,"column":0},"end":{"line":14,"column":13}},"14":{"start":{"line":15,"column":0},"end":{"line":15,"column":240}},"15":{"start":{"line":16,"column":0},"end":{"line":16,"column":250}},"16":{"start":{"line":17,"column":0},"end":{"line":17,"column":33}},"17":{"start":{"line":18,"column":0},"end":{"line":18,"column":42}},"18":{"start":{"line":19,"column":0},"end":{"line":19,"column":23}},"19":{"start":{"line":20,"column":0},"end":{"line":20,"column":71}},"20":{"start":{"line":21,"column":0},"end":{"line":21,"column":10}},"21":{"start":{"line":22,"column":0},"end":{"line":22,"column":12}},"22":{"start":{"line":23,"column":0},"end":{"line":23,"column":71}},"23":{"start":{"line":24,"column":0},"end":{"line":24,"column":6}},"24":{"start":{"line":25,"column":0},"end":{"line":25,"column":1}}},"s":{"0":1,"1":1,"2":1,"3":5,"4":2,"5":2,"6":2,"7":2,"8":1,"9":1,"10":1,"11":2,"12":5,"13":2,"14":2,"15":2,"16":2,"17":1,"18":1,"19":1,"20":2,"21":2,"22":2,"23":5,"24":5},"branchMap":{"0":{"type":"branch","line":3,"loc":{"start":{"line":3,"column":31},"end":{"line":25,"column":1}},"locations":[{"start":{"line":3,"column":31},"end":{"line":25,"column":1}}]},"1":{"type":"branch","line":4,"loc":{"start":{"line":4,"column":48},"end":{"line":13,"column":6}},"locations":[{"start":{"line":4,"column":48},"end":{"line":13,"column":6}}]},"2":{"type":"branch","line":8,"loc":{"start":{"line":8,"column":32},"end":{"line":12,"column":9}},"locations":[{"start":{"line":8,"column":32},"end":{"line":12,"column":9}}]},"3":{"type":"branch","line":13,"loc":{"start":{"line":13,"column":4},"end":{"line":13,"column":50}},"locations":[{"start":{"line":13,"column":4},"end":{"line":13,"column":50}}]},"4":{"type":"branch","line":13,"loc":{"start":{"line":13,"column":50},"end":{"line":24,"column":5}},"locations":[{"start":{"line":13,"column":50},"end":{"line":24,"column":5}}]},"5":{"type":"branch","line":17,"loc":{"start":{"line":17,"column":32},"end":{"line":21,"column":9}},"locations":[{"start":{"line":17,"column":32},"end":{"line":21,"column":9}}]}},"b":{"0":[5],"1":[2],"2":[1],"3":[4],"4":[2],"5":[1]},"fnMap":{"0":{"name":"Object.<anonymous>.module.exports.createNewUser","decl":{"start":{"line":3,"column":31},"end":{"line":25,"column":1}},"loc":{"start":{"line":3,"column":31},"end":{"line":25,"column":1}},"line":3}},"f":{"0":5}}
,"D:\\React-application-project\\videochat\\src\\api\\handlers\\users\\gatekeeper.js": {"path":"D:\\React-application-project\\videochat\\src\\api\\handlers\\users\\gatekeeper.js","all":false,"statementMap":{"0":{"start":{"line":1,"column":0},"end":{"line":1,"column":49}},"1":{"start":{"line":2,"column":0},"end":{"line":2,"column":81}},"2":{"start":{"line":3,"column":0},"end":{"line":3,"column":78}},"3":{"start":{"line":4,"column":0},"end":{"line":4,"column":1}}},"s":{"0":1,"1":1,"2":1,"3":1},"branchMap":{"0":{"type":"branch","line":1,"loc":{"start":{"line":1,"column":28},"end":{"line":4,"column":1}},"locations":[{"start":{"line":1,"column":28},"end":{"line":4,"column":1}}]}},"b":{"0":[1]},"fnMap":{"0":{"name":"Object.<anonymous>.module.exports.gatekeeper","decl":{"start":{"line":1,"column":28},"end":{"line":4,"column":1}},"loc":{"start":{"line":1,"column":28},"end":{"line":4,"column":1}},"line":1}},"f":{"0":1}}
,"D:\\React-application-project\\videochat\\src\\api\\handlers\\users\\getUsers.js": {"path":"D:\\React-application-project\\videochat\\src\\api\\handlers\\users\\getUsers.js","all":false,"statementMap":{"0":{"start":{"line":1,"column":0},"end":{"line":1,"column":51}},"1":{"start":{"line":2,"column":0},"end":{"line":2,"column":0}},"2":{"start":{"line":3,"column":0},"end":{"line":3,"column":47}},"3":{"start":{"line":4,"column":0},"end":{"line":4,"column":49}},"4":{"start":{"line":5,"column":0},"end":{"line":5,"column":27}},"5":{"start":{"line":6,"column":0},"end":{"line":6,"column":160}},"6":{"start":{"line":7,"column":0},"end":{"line":7,"column":20}},"7":{"start":{"line":8,"column":0},"end":{"line":8,"column":74}},"8":{"start":{"line":9,"column":0},"end":{"line":9,"column":9}},"9":{"start":{"line":10,"column":0},"end":{"line":10,"column":20}},"10":{"start":{"line":11,"column":0},"end":{"line":11,"column":59}},"11":{"start":{"line":12,"column":0},"end":{"line":12,"column":9}},"12":{"start":{"line":13,"column":0},"end":{"line":13,"column":19}},"13":{"start":{"line":14,"column":0},"end":{"line":14,"column":72}},"14":{"start":{"line":15,"column":0},"end":{"line":15,"column":9}},"15":{"start":{"line":16,"column":0},"end":{"line":16,"column":22}},"16":{"start":{"line":17,"column":0},"end":{"line":17,"column":78}},"17":{"start":{"line":18,"column":0},"end":{"line":18,"column":9}},"18":{"start":{"line":19,"column":0},"end":{"line":19,"column":21}},"19":{"start":{"line":20,"column":0},"end":{"line":20,"column":49}},"20":{"start":{"line":21,"column":0},"end":{"line":21,"column":9}},"21":{"start":{"line":22,"column":0},"end":{"line":22,"column":27}},"22":{"start":{"line":23,"column":0},"end":{"line":23,"column":61}},"23":{"start":{"line":24,"column":0},"end":{"line":24,"column":9}},"24":{"start":{"line":25,"column":0},"end":{"line":25,"column":24}},"25":{"start":{"line":26,"column":0},"end":{"line":26,"column":55}},"26":{"start":{"line":27,"column":0},"end":{"line":27,"column":9}},"27":{"start":{"line":28,"column":0},"end":{"line":28,"column":27}},"28":{"start":{"line":29,"column":0},"end":{"line":29,"column":61}},"29":{"start":{"line":30,"column":0},"end":{"line":30,"column":9}},"30":{"start":{"line":31,"column":0},"end":{"line":31,"column":23}},"31":{"start":{"line":32,"column":0},"end":{"line":32,"column":53}},"32":{"start":{"line":33,"column":0},"end":{"line":33,"column":9}},"33":{"start":{"line":34,"column":0},"end":{"line":34,"column":22}},"34":{"start":{"line":35,"column":0},"end":{"line":35,"column":82}},"35":{"start":{"line":36,"column":0},"end":{"line":36,"column":9}},"36":{"start":{"line":37,"column":0},"end":{"line":37,"column":19}},"37":{"start":{"line":38,"column":0},"end":{"line":38,"column":76}},"38":{"start":{"line":39,"column":0},"end":{"line":39,"column":9}},"39":{"start":{"line":40,"column":0},"end":{"line":40,"column":22}},"40":{"start":{"line":41,"column":0},"end":{"line":41,"column":82}},"41":{"start":{"line":42,"column":0},"end":{"line":42,"column":9}},"42":{"start":{"line":43,"column":0},"end":{"line":43,"column":22}},"43":{"start":{"line":44,"column":0},"end":{"line":44,"column":55}},"44":{"start":{"line":45,"column":0},"end":{"line":45,"column":9}},"45":{"start":{"line":46,"column":0},"end":{"line":46,"column":25}},"46":{"start":{"line":47,"column":0},"end":{"line":47,"column":60}},"47":{"start":{"line":48,"column":0},"end":{"line":48,"column":9}},"48":{"start":{"line":49,"column":0},"end":{"line":49,"column":48}},"49":{"start":{"line":50,"column":0},"end":{"line":50,"column":43}},"50":{"start":{"line":51,"column":0},"end":{"line":51,"column":6}},"51":{"start":{"line":52,"column":0},"end":{"line":52,"column":49}},"52":{"start":{"line":53,"column":0},"end":{"line":53,"column":27}},"53":{"start":{"line":54,"column":0},"end":{"line":54,"column":146}},"54":{"start":{"line":55,"column":0},"end":{"line":55,"column":20}},"55":{"start":{"line":56,"column":0},"end":{"line":56,"column":74}},"56":{"start":{"line":57,"column":0},"end":{"line":57,"column":9}},"57":{"start":{"line":58,"column":0},"end":{"line":58,"column":20}},"58":{"start":{"line":59,"column":0},"end":{"line":59,"column":59}},"59":{"start":{"line":60,"column":0},"end":{"line":60,"column":9}},"60":{"start":{"line":61,"column":0},"end":{"line":61,"column":19}},"61":{"start":{"line":62,"column":0},"end":{"line":62,"column":72}},"62":{"start":{"line":63,"column":0},"end":{"line":63,"column":9}},"63":{"start":{"line":64,"column":0},"end":{"line":64,"column":22}},"64":{"start":{"line":65,"column":0},"end":{"line":65,"column":78}},"65":{"start":{"line":66,"column":0},"end":{"line":66,"column":9}},"66":{"start":{"line":67,"column":0},"end":{"line":67,"column":21}},"67":{"start":{"line":68,"column":0},"end":{"line":68,"column":49}},"68":{"start":{"line":69,"column":0},"end":{"line":69,"column":9}},"69":{"start":{"line":70,"column":0},"end":{"line":70,"column":24}},"70":{"start":{"line":71,"column":0},"end":{"line":71,"column":55}},"71":{"start":{"line":72,"column":0},"end":{"line":72,"column":9}},"72":{"start":{"line":73,"column":0},"end":{"line":73,"column":27}},"73":{"start":{"line":74,"column":0},"end":{"line":74,"column":61}},"74":{"start":{"line":75,"column":0},"end":{"line":75,"column":9}},"75":{"start":{"line":76,"column":0},"end":{"line":76,"column":23}},"76":{"start":{"line":77,"column":0},"end":{"line":77,"column":53}},"77":{"start":{"line":78,"column":0},"end":{"line":78,"column":9}},"78":{"start":{"line":79,"column":0},"end":{"line":79,"column":22}},"79":{"start":{"line":80,"column":0},"end":{"line":80,"column":82}},"80":{"start":{"line":81,"column":0},"end":{"line":81,"column":9}},"81":{"start":{"line":82,"column":0},"end":{"line":82,"column":19}},"82":{"start":{"line":83,"column":0},"end":{"line":83,"column":76}},"83":{"start":{"line":84,"column":0},"end":{"line":84,"column":9}},"84":{"start":{"line":85,"column":0},"end":{"line":85,"column":22}},"85":{"start":{"line":86,"column":0},"end":{"line":86,"column":82}},"86":{"start":{"line":87,"column":0},"end":{"line":87,"column":9}},"87":{"start":{"line":88,"column":0},"end":{"line":88,"column":22}},"88":{"start":{"line":89,"column":0},"end":{"line":89,"column":55}},"89":{"start":{"line":90,"column":0},"end":{"line":90,"column":9}},"90":{"start":{"line":91,"column":0},"end":{"line":91,"column":25}},"91":{"start":{"line":92,"column":0},"end":{"line":92,"column":60}},"92":{"start":{"line":93,"column":0},"end":{"line":93,"column":9}},"93":{"start":{"line":94,"column":0},"end":{"line":94,"column":47}},"94":{"start":{"line":95,"column":0},"end":{"line":95,"column":48}},"95":{"start":{"line":96,"column":0},"end":{"line":96,"column":43}},"96":{"start":{"line":97,"column":0},"end":{"line":97,"column":12}},"97":{"start":{"line":98,"column":0},"end":{"line":98,"column":71}},"98":{"start":{"line":99,"column":0},"end":{"line":99,"column":6}},"99":{"start":{"line":100,"column":0},"end":{"line":100,"column":1}}},"s":{"0":1,"1":1,"2":1,"3":3,"4":1,"5":1,"6":1,"7":0,"8":0,"9":1,"10":0,"11":0,"12":1,"13":0,"14":0,"15":1,"16":0,"17":0,"18":1,"19":1,"20":1,"21":1,"22":0,"23":0,"24":1,"25":0,"26":0,"27":1,"28":0,"29":0,"30":1,"31":0,"32":0,"33":1,"34":0,"35":0,"36":1,"37":1,"38":1,"39":1,"40":0,"41":0,"42":1,"43":0,"44":0,"45":1,"46":0,"47":0,"48":1,"49":1,"50":3,"51":2,"52":1,"53":1,"54":1,"55":0,"56":0,"57":1,"58":0,"59":0,"60":1,"61":0,"62":0,"63":1,"64":0,"65":0,"66":1,"67":1,"68":1,"69":1,"70":0,"71":0,"72":1,"73":0,"74":0,"75":1,"76":0,"77":0,"78":1,"79":0,"80":0,"81":1,"82":1,"83":1,"84":1,"85":0,"86":0,"87":1,"88":0,"89":0,"90":1,"91":0,"92":0,"93":1,"94":1,"95":1,"96":3,"97":1,"98":3,"99":3},"branchMap":{"0":{"type":"branch","line":3,"loc":{"start":{"line":3,"column":26},"end":{"line":100,"column":1}},"locations":[{"start":{"line":3,"column":26},"end":{"line":100,"column":1}}]},"1":{"type":"branch","line":4,"loc":{"start":{"line":4,"column":48},"end":{"line":51,"column":5}},"locations":[{"start":{"line":4,"column":48},"end":{"line":51,"column":5}}]},"2":{"type":"branch","line":7,"loc":{"start":{"line":7,"column":19},"end":{"line":9,"column":9}},"locations":[{"start":{"line":7,"column":19},"end":{"line":9,"column":9}}]},"3":{"type":"branch","line":10,"loc":{"start":{"line":10,"column":19},"end":{"line":12,"column":9}},"locations":[{"start":{"line":10,"column":19},"end":{"line":12,"column":9}}]},"4":{"type":"branch","line":13,"loc":{"start":{"line":13,"column":18},"end":{"line":15,"column":9}},"locations":[{"start":{"line":13,"column":18},"end":{"line":15,"column":9}}]},"5":{"type":"branch","line":16,"loc":{"start":{"line":16,"column":21},"end":{"line":18,"column":9}},"locations":[{"start":{"line":16,"column":21},"end":{"line":18,"column":9}}]},"6":{"type":"branch","line":22,"loc":{"start":{"line":22,"column":26},"end":{"line":24,"column":9}},"locations":[{"start":{"line":22,"column":26},"end":{"line":24,"column":9}}]},"7":{"type":"branch","line":25,"loc":{"start":{"line":25,"column":23},"end":{"line":27,"column":9}},"locations":[{"start":{"line":25,"column":23},"end":{"line":27,"column":9}}]},"8":{"type":"branch","line":28,"loc":{"start":{"line":28,"column":26},"end":{"line":30,"column":9}},"locations":[{"start":{"line":28,"column":26},"end":{"line":30,"column":9}}]},"9":{"type":"branch","line":31,"loc":{"start":{"line":31,"column":22},"end":{"line":33,"column":9}},"locations":[{"start":{"line":31,"column":22},"end":{"line":33,"column":9}}]},"10":{"type":"branch","line":34,"loc":{"start":{"line":34,"column":21},"end":{"line":36,"column":9}},"locations":[{"start":{"line":34,"column":21},"end":{"line":36,"column":9}}]},"11":{"type":"branch","line":40,"loc":{"start":{"line":40,"column":21},"end":{"line":42,"column":9}},"locations":[{"start":{"line":40,"column":21},"end":{"line":42,"column":9}}]},"12":{"type":"branch","line":43,"loc":{"start":{"line":43,"column":21},"end":{"line":45,"column":9}},"locations":[{"start":{"line":43,"column":21},"end":{"line":45,"column":9}}]},"13":{"type":"branch","line":46,"loc":{"start":{"line":46,"column":24},"end":{"line":48,"column":9}},"locations":[{"start":{"line":46,"column":24},"end":{"line":48,"column":9}}]},"14":{"type":"branch","line":51,"loc":{"start":{"line":51,"column":4},"end":{"line":97,"column":5}},"locations":[{"start":{"line":51,"column":4},"end":{"line":97,"column":5}}]},"15":{"type":"branch","line":52,"loc":{"start":{"line":52,"column":48},"end":{"line":97,"column":5}},"locations":[{"start":{"line":52,"column":48},"end":{"line":97,"column":5}}]},"16":{"type":"branch","line":55,"loc":{"start":{"line":55,"column":19},"end":{"line":57,"column":9}},"locations":[{"start":{"line":55,"column":19},"end":{"line":57,"column":9}}]},"17":{"type":"branch","line":58,"loc":{"start":{"line":58,"column":19},"end":{"line":60,"column":9}},"locations":[{"start":{"line":58,"column":19},"end":{"line":60,"column":9}}]},"18":{"type":"branch","line":61,"loc":{"start":{"line":61,"column":18},"end":{"line":63,"column":9}},"locations":[{"start":{"line":61,"column":18},"end":{"line":63,"column":9}}]},"19":{"type":"branch","line":64,"loc":{"start":{"line":64,"column":21},"end":{"line":66,"column":9}},"locations":[{"start":{"line":64,"column":21},"end":{"line":66,"column":9}}]},"20":{"type":"branch","line":70,"loc":{"start":{"line":70,"column":23},"end":{"line":72,"column":9}},"locations":[{"start":{"line":70,"column":23},"end":{"line":72,"column":9}}]},"21":{"type":"branch","line":73,"loc":{"start":{"line":73,"column":26},"end":{"line":75,"column":9}},"locations":[{"start":{"line":73,"column":26},"end":{"line":75,"column":9}}]},"22":{"type":"branch","line":76,"loc":{"start":{"line":76,"column":22},"end":{"line":78,"column":9}},"locations":[{"start":{"line":76,"column":22},"end":{"line":78,"column":9}}]},"23":{"type":"branch","line":79,"loc":{"start":{"line":79,"column":21},"end":{"line":81,"column":9}},"locations":[{"start":{"line":79,"column":21},"end":{"line":81,"column":9}}]},"24":{"type":"branch","line":85,"loc":{"start":{"line":85,"column":21},"end":{"line":87,"column":9}},"locations":[{"start":{"line":85,"column":21},"end":{"line":87,"column":9}}]},"25":{"type":"branch","line":88,"loc":{"start":{"line":88,"column":21},"end":{"line":90,"column":9}},"locations":[{"start":{"line":88,"column":21},"end":{"line":90,"column":9}}]},"26":{"type":"branch","line":91,"loc":{"start":{"line":91,"column":24},"end":{"line":93,"column":9}},"locations":[{"start":{"line":91,"column":24},"end":{"line":93,"column":9}}]},"27":{"type":"branch","line":97,"loc":{"start":{"line":97,"column":5},"end":{"line":99,"column":5}},"locations":[{"start":{"line":97,"column":5},"end":{"line":99,"column":5}}]}},"b":{"0":[3],"1":[1],"2":[0],"3":[0],"4":[0],"5":[0],"6":[0],"7":[0],"8":[0],"9":[0],"10":[0],"11":[0],"12":[0],"13":[0],"14":[2],"15":[1],"16":[0],"17":[0],"18":[0],"19":[0],"20":[0],"21":[0],"22":[0],"23":[0],"24":[0],"25":[0],"26":[0],"27":[1]},"fnMap":{"0":{"name":"Object.<anonymous>.module.exports.getUsers","decl":{"start":{"line":3,"column":26},"end":{"line":100,"column":1}},"loc":{"start":{"line":3,"column":26},"end":{"line":100,"column":1}},"line":3}},"f":{"0":3}}
,"D:\\React-application-project\\videochat\\src\\api\\handlers\\users\\login.js": {"path":"D:\\React-application-project\\videochat\\src\\api\\handlers\\users\\login.js","all":false,"statementMap":{"0":{"start":{"line":1,"column":0},"end":{"line":1,"column":51}},"1":{"start":{"line":2,"column":0},"end":{"line":2,"column":36}},"2":{"start":{"line":3,"column":0},"end":{"line":3,"column":0}},"3":{"start":{"line":4,"column":0},"end":{"line":4,"column":44}},"4":{"start":{"line":5,"column":0},"end":{"line":5,"column":9}},"5":{"start":{"line":6,"column":0},"end":{"line":6,"column":60}},"6":{"start":{"line":7,"column":0},"end":{"line":7,"column":21}},"7":{"start":{"line":8,"column":0},"end":{"line":8,"column":41}},"8":{"start":{"line":9,"column":0},"end":{"line":9,"column":54}},"9":{"start":{"line":10,"column":0},"end":{"line":10,"column":15}},"10":{"start":{"line":11,"column":0},"end":{"line":11,"column":9}},"11":{"start":{"line":12,"column":0},"end":{"line":12,"column":0}},"12":{"start":{"line":13,"column":0},"end":{"line":13,"column":24}},"13":{"start":{"line":14,"column":0},"end":{"line":14,"column":41}},"14":{"start":{"line":15,"column":0},"end":{"line":15,"column":57}},"15":{"start":{"line":16,"column":0},"end":{"line":16,"column":15}},"16":{"start":{"line":17,"column":0},"end":{"line":17,"column":9}},"17":{"start":{"line":18,"column":0},"end":{"line":18,"column":0}},"18":{"start":{"line":19,"column":0},"end":{"line":19,"column":71}},"19":{"start":{"line":20,"column":0},"end":{"line":20,"column":0}},"20":{"start":{"line":21,"column":0},"end":{"line":21,"column":20}},"21":{"start":{"line":22,"column":0},"end":{"line":22,"column":41}},"22":{"start":{"line":23,"column":0},"end":{"line":23,"column":65}},"23":{"start":{"line":24,"column":0},"end":{"line":24,"column":15}},"24":{"start":{"line":25,"column":0},"end":{"line":25,"column":9}},"25":{"start":{"line":26,"column":0},"end":{"line":26,"column":0}},"26":{"start":{"line":27,"column":0},"end":{"line":27,"column":51}},"27":{"start":{"line":28,"column":0},"end":{"line":28,"column":41}},"28":{"start":{"line":29,"column":0},"end":{"line":29,"column":46}},"29":{"start":{"line":30,"column":0},"end":{"line":30,"column":15}},"30":{"start":{"line":31,"column":0},"end":{"line":31,"column":9}},"31":{"start":{"line":32,"column":0},"end":{"line":32,"column":0}},"32":{"start":{"line":33,"column":0},"end":{"line":33,"column":31}},"33":{"start":{"line":34,"column":0},"end":{"line":34,"column":13}},"34":{"start":{"line":35,"column":0},"end":{"line":35,"column":30}},"35":{"start":{"line":36,"column":0},"end":{"line":36,"column":46}},"36":{"start":{"line":37,"column":0},"end":{"line":37,"column":14}},"37":{"start":{"line":38,"column":0},"end":{"line":38,"column":34}},"38":{"start":{"line":39,"column":0},"end":{"line":39,"column":71}},"39":{"start":{"line":40,"column":0},"end":{"line":40,"column":0}},"40":{"start":{"line":41,"column":0},"end":{"line":41,"column":40}},"41":{"start":{"line":42,"column":0},"end":{"line":42,"column":19}},"42":{"start":{"line":43,"column":0},"end":{"line":43,"column":27}},"43":{"start":{"line":44,"column":0},"end":{"line":44,"column":30}},"44":{"start":{"line":45,"column":0},"end":{"line":45,"column":44}},"45":{"start":{"line":46,"column":0},"end":{"line":46,"column":11}},"46":{"start":{"line":47,"column":0},"end":{"line":47,"column":5}},"47":{"start":{"line":48,"column":0},"end":{"line":48,"column":1}}},"s":{"0":1,"1":1,"2":1,"3":1,"4":6,"5":6,"6":6,"7":1,"8":1,"9":1,"10":1,"11":4,"12":5,"13":1,"14":1,"15":1,"16":1,"17":3,"18":3,"19":3,"20":5,"21":1,"22":1,"23":1,"24":1,"25":2,"26":5,"27":1,"28":1,"29":1,"30":1,"31":1,"32":1,"33":1,"34":1,"35":1,"36":1,"37":1,"38":1,"39":1,"40":1,"41":6,"42":1,"43":1,"44":1,"45":1,"46":1,"47":6},"branchMap":{"0":{"type":"branch","line":4,"loc":{"start":{"line":4,"column":23},"end":{"line":48,"column":1}},"locations":[{"start":{"line":4,"column":23},"end":{"line":48,"column":1}}]},"1":{"type":"branch","line":7,"loc":{"start":{"line":7,"column":20},"end":{"line":42,"column":6}},"locations":[{"start":{"line":7,"column":20},"end":{"line":42,"column":6}}]},"2":{"type":"branch","line":7,"loc":{"start":{"line":7,"column":20},"end":{"line":11,"column":9}},"locations":[{"start":{"line":7,"column":20},"end":{"line":11,"column":9}}]},"3":{"type":"branch","line":11,"loc":{"start":{"line":11,"column":8},"end":{"line":13,"column":23}},"locations":[{"start":{"line":11,"column":8},"end":{"line":13,"column":23}}]},"4":{"type":"branch","line":13,"loc":{"start":{"line":13,"column":23},"end":{"line":17,"column":9}},"locations":[{"start":{"line":13,"column":23},"end":{"line":17,"column":9}}]},"5":{"type":"branch","line":17,"loc":{"start":{"line":17,"column":8},"end":{"line":21,"column":19}},"locations":[{"start":{"line":17,"column":8},"end":{"line":21,"column":19}}]},"6":{"type":"branch","line":21,"loc":{"start":{"line":21,"column":19},"end":{"line":25,"column":9}},"locations":[{"start":{"line":21,"column":19},"end":{"line":25,"column":9}}]},"7":{"type":"branch","line":25,"loc":{"start":{"line":25,"column":8},"end":{"line":27,"column":50}},"locations":[{"start":{"line":25,"column":8},"end":{"line":27,"column":50}}]},"8":{"type":"branch","line":27,"loc":{"start":{"line":27,"column":50},"end":{"line":42,"column":6}},"locations":[{"start":{"line":27,"column":50},"end":{"line":42,"column":6}}]},"9":{"type":"branch","line":42,"loc":{"start":{"line":42,"column":6},"end":{"line":47,"column":5}},"locations":[{"start":{"line":42,"column":6},"end":{"line":47,"column":5}}]}},"b":{"0":[6],"1":[5],"2":[1],"3":[4],"4":[1],"5":[3],"6":[1],"7":[2],"8":[1],"9":[1]},"fnMap":{"0":{"name":"Object.<anonymous>.module.exports.login","decl":{"start":{"line":4,"column":23},"end":{"line":48,"column":1}},"loc":{"start":{"line":4,"column":23},"end":{"line":48,"column":1}},"line":4}},"f":{"0":6}}
,"D:\\React-application-project\\videochat\\src\\api\\wrapperApi\\wrapperApi.js": {"path":"D:\\React-application-project\\videochat\\src\\api\\wrapperApi\\wrapperApi.js","all":false,"statementMap":{"0":{"start":{"line":1,"column":0},"end":{"line":1,"column":42}},"1":{"start":{"line":2,"column":0},"end":{"line":2,"column":32}},"2":{"start":{"line":3,"column":0},"end":{"line":3,"column":13}},"3":{"start":{"line":4,"column":0},"end":{"line":4,"column":36}},"4":{"start":{"line":5,"column":0},"end":{"line":5,"column":23}},"5":{"start":{"line":6,"column":0},"end":{"line":6,"column":64}},"6":{"start":{"line":7,"column":0},"end":{"line":7,"column":22}},"7":{"start":{"line":8,"column":0},"end":{"line":8,"column":28}},"8":{"start":{"line":9,"column":0},"end":{"line":9,"column":78}},"9":{"start":{"line":10,"column":0},"end":{"line":10,"column":9}},"10":{"start":{"line":11,"column":0},"end":{"line":11,"column":6}},"11":{"start":{"line":12,"column":0},"end":{"line":12,"column":2}}},"s":{"0":1,"1":2,"2":3,"3":3,"4":3,"5":2,"6":2,"7":2,"8":2,"9":2,"10":2,"11":2},"branchMap":{"0":{"type":"branch","line":1,"loc":{"start":{"line":1,"column":29},"end":{"line":12,"column":2}},"locations":[{"start":{"line":1,"column":29},"end":{"line":12,"column":2}}]},"1":{"type":"branch","line":2,"loc":{"start":{"line":2,"column":11},"end":{"line":11,"column":5}},"locations":[{"start":{"line":2,"column":11},"end":{"line":11,"column":5}}]},"2":{"type":"branch","line":4,"loc":{"start":{"line":4,"column":35},"end":{"line":5,"column":10}},"locations":[{"start":{"line":4,"column":35},"end":{"line":5,"column":10}}]},"3":{"type":"branch","line":5,"loc":{"start":{"line":5,"column":10},"end":{"line":10,"column":9}},"locations":[{"start":{"line":5,"column":10},"end":{"line":10,"column":9}}]}},"b":{"0":[2],"1":[3],"2":[1],"3":[2]},"fnMap":{"0":{"name":"Object.<anonymous>.module.exports.wrapperApi","decl":{"start":{"line":1,"column":29},"end":{"line":12,"column":2}},"loc":{"start":{"line":1,"column":29},"end":{"line":12,"column":2}},"line":1}},"f":{"0":2}}
,"D:\\React-application-project\\videochat\\src\\models\\appointments.js": {"path":"D:\\React-application-project\\videochat\\src\\models\\appointments.js","all":false,"statementMap":{"0":{"start":{"line":1,"column":0},"end":{"line":1,"column":46}},"1":{"start":{"line":2,"column":0},"end":{"line":2,"column":0}},"2":{"start":{"line":3,"column":0},"end":{"line":3,"column":27}},"3":{"start":{"line":4,"column":0},"end":{"line":4,"column":48}},"4":{"start":{"line":5,"column":0},"end":{"line":5,"column":48}},"5":{"start":{"line":6,"column":0},"end":{"line":6,"column":50}},"6":{"start":{"line":7,"column":0},"end":{"line":7,"column":52}},"7":{"start":{"line":8,"column":0},"end":{"line":8,"column":44}},"8":{"start":{"line":9,"column":0},"end":{"line":9,"column":45}},"9":{"start":{"line":10,"column":0},"end":{"line":10,"column":3}},"10":{"start":{"line":11,"column":0},"end":{"line":11,"column":0}},"11":{"start":{"line":12,"column":0},"end":{"line":12,"column":59}},"12":{"start":{"line":13,"column":0},"end":{"line":13,"column":0}},"13":{"start":{"line":14,"column":0},"end":{"line":14,"column":39}}},"s":{"0":1,"1":1,"2":1,"3":1,"4":1,"5":1,"6":1,"7":1,"8":1,"9":1,"10":1,"11":1,"12":1,"13":1},"branchMap":{},"b":{},"fnMap":{},"f":{}}
,"D:\\React-application-project\\videochat\\src\\models\\rooms.js": {"path":"D:\\React-application-project\\videochat\\src\\models\\rooms.js","all":false,"statementMap":{"0":{"start":{"line":1,"column":0},"end":{"line":1,"column":46}},"1":{"start":{"line":2,"column":0},"end":{"line":2,"column":0}},"2":{"start":{"line":3,"column":0},"end":{"line":3,"column":27}},"3":{"start":{"line":4,"column":0},"end":{"line":4,"column":59}},"4":{"start":{"line":5,"column":0},"end":{"line":5,"column":31}},"5":{"start":{"line":6,"column":0},"end":{"line":6,"column":30}},"6":{"start":{"line":7,"column":0},"end":{"line":7,"column":31}},"7":{"start":{"line":8,"column":0},"end":{"line":8,"column":3}},"8":{"start":{"line":9,"column":0},"end":{"line":9,"column":0}},"9":{"start":{"line":10,"column":0},"end":{"line":10,"column":48}},"10":{"start":{"line":11,"column":0},"end":{"line":11,"column":0}},"11":{"start":{"line":12,"column":0},"end":{"line":12,"column":32}}},"s":{"0":1,"1":1,"2":1,"3":1,"4":1,"5":1,"6":1,"7":1,"8":1,"9":1,"10":1,"11":1},"branchMap":{},"b":{},"fnMap":{},"f":{}}
,"D:\\React-application-project\\videochat\\src\\models\\users.js": {"path":"D:\\React-application-project\\videochat\\src\\models\\users.js","all":false,"statementMap":{"0":{"start":{"line":1,"column":0},"end":{"line":1,"column":46}},"1":{"start":{"line":2,"column":0},"end":{"line":2,"column":0}},"2":{"start":{"line":3,"column":0},"end":{"line":3,"column":27}},"3":{"start":{"line":4,"column":0},"end":{"line":4,"column":17}},"4":{"start":{"line":5,"column":0},"end":{"line":5,"column":45}},"5":{"start":{"line":6,"column":0},"end":{"line":6,"column":45}},"6":{"start":{"line":7,"column":0},"end":{"line":7,"column":60}},"7":{"start":{"line":8,"column":0},"end":{"line":8,"column":63}},"8":{"start":{"line":9,"column":0},"end":{"line":9,"column":62}},"9":{"start":{"line":10,"column":0},"end":{"line":10,"column":51}},"10":{"start":{"line":11,"column":0},"end":{"line":11,"column":92}},"11":{"start":{"line":12,"column":0},"end":{"line":12,"column":54}},"12":{"start":{"line":13,"column":0},"end":{"line":13,"column":66}},"13":{"start":{"line":14,"column":0},"end":{"line":14,"column":50}},"14":{"start":{"line":15,"column":0},"end":{"line":15,"column":48}},"15":{"start":{"line":16,"column":0},"end":{"line":16,"column":45}},"16":{"start":{"line":17,"column":0},"end":{"line":17,"column":6}},"17":{"start":{"line":18,"column":0},"end":{"line":18,"column":21}},"18":{"start":{"line":19,"column":0},"end":{"line":19,"column":47}},"19":{"start":{"line":20,"column":0},"end":{"line":20,"column":44}},"20":{"start":{"line":21,"column":0},"end":{"line":21,"column":47}},"21":{"start":{"line":22,"column":0},"end":{"line":22,"column":46}},"22":{"start":{"line":23,"column":0},"end":{"line":23,"column":6}},"23":{"start":{"line":24,"column":0},"end":{"line":24,"column":20}},"24":{"start":{"line":25,"column":0},"end":{"line":25,"column":47}},"25":{"start":{"line":26,"column":0},"end":{"line":26,"column":49}},"26":{"start":{"line":27,"column":0},"end":{"line":27,"column":5}},"27":{"start":{"line":28,"column":0},"end":{"line":28,"column":3}},"28":{"start":{"line":29,"column":0},"end":{"line":29,"column":0}},"29":{"start":{"line":30,"column":0},"end":{"line":30,"column":50}},"30":{"start":{"line":31,"column":0},"end":{"line":31,"column":0}},"31":{"start":{"line":32,"column":0},"end":{"line":32,"column":27}}},"s":{"0":1,"1":1,"2":1,"3":1,"4":1,"5":1,"6":1,"7":1,"8":1,"9":1,"10":1,"11":1,"12":1,"13":1,"14":1,"15":1,"16":1,"17":1,"18":1,"19":1,"20":1,"21":1,"22":1,"23":1,"24":1,"25":1,"26":1,"27":1,"28":1,"29":1,"30":1,"31":1},"branchMap":{},"b":{},"fnMap":{},"f":{}}
}
