TN:
SF:src\api\handlers\appointments\createAppointment.js
FN:3,Object.<anonymous>.module.exports.createAppointment
FNF:1
FNH:1
FNDA:3,Object.<anonymous>.module.exports.createAppointment
DA:1,1
DA:2,1
DA:3,1
DA:4,3
DA:5,2
DA:6,2
DA:7,2
DA:8,2
DA:9,2
DA:10,2
DA:11,1
DA:12,1
DA:13,1
DA:14,2
DA:15,2
DA:16,3
DA:17,1
DA:18,3
DA:19,3
LF:19
LH:19
BRDA:3,0,0,3
BRDA:4,1,0,2
BRDA:10,2,0,1
BRDA:16,3,0,1
BRF:4
BRH:4
end_of_record
TN:
SF:src\api\handlers\appointments\deleteAppointment.js
FN:3,Object.<anonymous>.module.exports.deleteAppointment
FNF:1
FNH:1
FNDA:5,Object.<anonymous>.module.exports.deleteAppointment
DA:1,1
DA:2,1
DA:3,1
DA:4,5
DA:5,4
DA:6,4
DA:7,4
DA:8,1
DA:9,1
DA:10,3
DA:11,2
DA:12,2
DA:13,1
DA:14,1
DA:15,1
DA:16,1
DA:17,4
DA:18,1
DA:19,1
DA:20,5
DA:21,1
DA:22,5
DA:23,5
LF:23
LH:23
BRDA:3,0,0,5
BRDA:4,1,0,4
BRDA:7,2,0,3
BRDA:7,3,0,1
BRDA:11,4,0,2
BRDA:12,5,0,1
BRDA:17,6,0,1
BRDA:20,7,0,1
BRF:8
BRH:8
end_of_record
TN:
SF:src\api\handlers\appointments\getAppointments.js
FN:3,Object.<anonymous>.module.exports.getAppointment
FNF:1
FNH:1
FNDA:7,Object.<anonymous>.module.exports.getAppointment
DA:1,1
DA:2,1
DA:3,1
DA:4,7
DA:5,3
DA:6,3
DA:7,2
DA:8,3
DA:9,1
DA:10,3
DA:11,3
DA:12,7
DA:13,4
DA:14,4
DA:15,4
DA:16,4
DA:17,4
DA:18,4
DA:19,3
DA:20,3
DA:21,3
DA:22,3
DA:23,4
DA:24,1
DA:25,4
DA:26,4
DA:27,7
LF:27
LH:27
BRDA:3,0,0,7
BRDA:4,1,0,3
BRDA:6,2,0,2
BRDA:8,3,0,1
BRDA:11,4,0,5
BRDA:12,5,0,4
BRDA:18,6,0,3
BRDA:23,7,0,1
BRF:8
BRH:8
end_of_record
TN:
SF:src\api\handlers\appointments\updateAppointment.js
FN:3,Object.<anonymous>.module.exports.updateAppointment
FNF:1
FNH:1
FNDA:4,Object.<anonymous>.module.exports.updateAppointment
DA:1,1
DA:2,1
DA:3,1
DA:4,4
DA:5,3
DA:6,3
DA:7,3
DA:8,3
DA:9,2
DA:10,2
DA:11,1
DA:12,1
DA:13,1
DA:14,1
DA:15,3
DA:16,1
DA:17,1
DA:18,1
DA:19,4
DA:20,1
DA:21,4
DA:22,4
LF:22
LH:22
BRDA:3,0,0,4
BRDA:4,1,0,3
BRDA:8,2,0,2
BRDA:10,3,0,1
BRDA:15,4,0,1
BRDA:19,5,0,1
BRF:6
BRH:6
end_of_record
TN:
SF:src\api\handlers\rooms\createRoom.js
FN:3,Object.<anonymous>.module.exports.createRoom
FNF:1
FNH:1
FNDA:3,Object.<anonymous>.module.exports.createRoom
DA:1,1
DA:2,1
DA:3,1
DA:4,3
DA:5,2
DA:6,2
DA:7,2
DA:8,2
DA:9,1
DA:10,1
DA:11,1
DA:12,2
DA:13,3
DA:14,1
DA:15,3
DA:16,3
LF:16
LH:16
BRDA:3,0,0,3
BRDA:4,1,0,2
BRDA:8,2,0,1
BRDA:13,3,0,1
BRF:4
BRH:4
end_of_record
TN:
SF:src\api\handlers\rooms\deleteRoom.js
FN:3,Object.<anonymous>.module.exports.deleteRoom
FNF:1
FNH:1
FNDA:5,Object.<anonymous>.module.exports.deleteRoom
DA:1,1
DA:2,1
DA:3,1
DA:4,5
DA:5,4
DA:6,4
DA:7,4
DA:8,2
DA:9,2
DA:10,2
DA:11,2
DA:12,3
DA:13,1
DA:14,1
DA:15,1
DA:16,1
DA:17,3
DA:18,0
DA:19,4
DA:20,5
DA:21,1
DA:22,5
DA:23,5
LF:23
LH:22
BRDA:3,0,0,5
BRDA:4,1,0,4
BRDA:7,2,0,2
BRDA:9,3,0,3
BRDA:9,4,0,2
BRDA:12,5,0,1
BRDA:17,6,0,0
BRDA:20,7,0,1
BRF:8
BRH:7
end_of_record
TN:
SF:src\api\handlers\rooms\roomPassVerify.js
FN:3,Object.<anonymous>.module.exports.roomPassVerify
FNF:1
FNH:1
FNDA:6,Object.<anonymous>.module.exports.roomPassVerify
DA:1,1
DA:2,1
DA:3,1
DA:4,6
DA:5,6
DA:6,6
DA:7,1
DA:8,1
DA:9,4
DA:10,5
DA:11,1
DA:12,1
DA:13,3
DA:14,3
DA:15,3
DA:16,5
DA:17,2
DA:18,5
DA:19,5
DA:20,0
DA:21,5
DA:22,1
DA:23,6
DA:24,1
DA:25,1
DA:26,1
DA:27,6
LF:27
LH:26
BRDA:3,0,0,6
BRDA:6,1,0,5
BRDA:6,2,0,1
BRDA:8,3,0,4
BRDA:10,4,0,1
BRDA:12,5,0,3
BRDA:16,6,0,2
BRDA:18,7,0,1
BRDA:19,8,0,0
BRDA:21,9,0,1
BRDA:23,10,0,1
BRF:11
BRH:10
end_of_record
TN:
SF:src\api\handlers\rooms\roomVerify.js
FN:3,Object.<anonymous>.module.exports.roomVerify
FNF:1
FNH:1
FNDA:5,Object.<anonymous>.module.exports.roomVerify
DA:1,1
DA:2,1
DA:3,1
DA:4,5
DA:5,5
DA:6,5
DA:7,1
DA:8,1
DA:9,3
DA:10,3
DA:11,3
DA:12,4
DA:13,1
DA:14,1
DA:15,2
DA:16,5
DA:17,1
DA:18,1
DA:19,1
DA:20,5
LF:20
LH:20
BRDA:3,0,0,5
BRDA:6,1,0,4
BRDA:6,2,0,1
BRDA:8,3,0,3
BRDA:12,4,0,1
BRDA:14,5,0,2
BRDA:16,6,0,1
BRF:7
BRH:7
end_of_record
TN:
SF:src\api\handlers\rooms\showAvailableRooms.js
FN:3,Object.<anonymous>.module.exports.showAvailableRooms
FNF:1
FNH:1
FNDA:3,Object.<anonymous>.module.exports.showAvailableRooms
DA:1,1
DA:2,1
DA:3,1
DA:4,3
DA:5,2
DA:6,2
DA:7,1
DA:8,1
DA:9,1
DA:10,2
DA:11,3
DA:12,1
DA:13,3
DA:14,3
LF:14
LH:14
BRDA:3,0,0,3
BRDA:4,1,0,2
BRDA:6,2,0,1
BRDA:11,3,0,1
BRF:4
BRH:4
end_of_record
TN:
SF:src\api\handlers\users\createNewUser.js
FN:3,Object.<anonymous>.module.exports.createNewUser
FNF:1
FNH:1
FNDA:5,Object.<anonymous>.module.exports.createNewUser
DA:1,1
DA:2,1
DA:3,1
DA:4,5
DA:5,2
DA:6,2
DA:7,2
DA:8,2
DA:9,1
DA:10,1
DA:11,1
DA:12,2
DA:13,5
DA:14,2
DA:15,2
DA:16,2
DA:17,2
DA:18,1
DA:19,1
DA:20,1
DA:21,2
DA:22,2
DA:23,2
DA:24,5
DA:25,5
LF:25
LH:25
BRDA:3,0,0,5
BRDA:4,1,0,2
BRDA:8,2,0,1
BRDA:13,3,0,4
BRDA:13,4,0,2
BRDA:17,5,0,1
BRF:6
BRH:6
end_of_record
TN:
SF:src\api\handlers\users\gatekeeper.js
FN:1,Object.<anonymous>.module.exports.gatekeeper
FNF:1
FNH:1
FNDA:1,Object.<anonymous>.module.exports.gatekeeper
DA:1,1
DA:2,1
DA:3,1
DA:4,1
LF:4
LH:4
BRDA:1,0,0,1
BRF:1
BRH:1
end_of_record
TN:
SF:src\api\handlers\users\getUsers.js
FN:3,Object.<anonymous>.module.exports.getUsers
FNF:1
FNH:1
FNDA:3,Object.<anonymous>.module.exports.getUsers
DA:1,1
DA:2,1
DA:3,1
DA:4,3
DA:5,1
DA:6,1
DA:7,1
DA:8,0
DA:9,0
DA:10,1
DA:11,0
DA:12,0
DA:13,1
DA:14,0
DA:15,0
DA:16,1
DA:17,0
DA:18,0
DA:19,1
DA:20,1
DA:21,1
DA:22,1
DA:23,0
DA:24,0
DA:25,1
DA:26,0
DA:27,0
DA:28,1
DA:29,0
DA:30,0
DA:31,1
DA:32,0
DA:33,0
DA:34,1
DA:35,0
DA:36,0
DA:37,1
DA:38,1
DA:39,1
DA:40,1
DA:41,0
DA:42,0
DA:43,1
DA:44,0
DA:45,0
DA:46,1
DA:47,0
DA:48,0
DA:49,1
DA:50,1
DA:51,3
DA:52,2
DA:53,1
DA:54,1
DA:55,1
DA:56,0
DA:57,0
DA:58,1
DA:59,0
DA:60,0
DA:61,1
DA:62,0
DA:63,0
DA:64,1
DA:65,0
DA:66,0
DA:67,1
DA:68,1
DA:69,1
DA:70,1
DA:71,0
DA:72,0
DA:73,1
DA:74,0
DA:75,0
DA:76,1
DA:77,0
DA:78,0
DA:79,1
DA:80,0
DA:81,0
DA:82,1
DA:83,1
DA:84,1
DA:85,1
DA:86,0
DA:87,0
DA:88,1
DA:89,0
DA:90,0
DA:91,1
DA:92,0
DA:93,0
DA:94,1
DA:95,1
DA:96,1
DA:97,3
DA:98,1
DA:99,3
DA:100,3
LF:100
LH:54
BRDA:3,0,0,3
BRDA:4,1,0,1
BRDA:7,2,0,0
BRDA:10,3,0,0
BRDA:13,4,0,0
BRDA:16,5,0,0
BRDA:22,6,0,0
BRDA:25,7,0,0
BRDA:28,8,0,0
BRDA:31,9,0,0
BRDA:34,10,0,0
BRDA:40,11,0,0
BRDA:43,12,0,0
BRDA:46,13,0,0
BRDA:51,14,0,2
BRDA:52,15,0,1
BRDA:55,16,0,0
BRDA:58,17,0,0
BRDA:61,18,0,0
BRDA:64,19,0,0
BRDA:70,20,0,0
BRDA:73,21,0,0
BRDA:76,22,0,0
BRDA:79,23,0,0
BRDA:85,24,0,0
BRDA:88,25,0,0
BRDA:91,26,0,0
BRDA:97,27,0,1
BRF:28
BRH:5
end_of_record
TN:
SF:src\api\handlers\users\login.js
FN:4,Object.<anonymous>.module.exports.login
FNF:1
FNH:1
FNDA:6,Object.<anonymous>.module.exports.login
DA:1,1
DA:2,1
DA:3,1
DA:4,1
DA:5,6
DA:6,6
DA:7,6
DA:8,1
DA:9,1
DA:10,1
DA:11,1
DA:12,4
DA:13,5
DA:14,1
DA:15,1
DA:16,1
DA:17,1
DA:18,3
DA:19,3
DA:20,3
DA:21,5
DA:22,1
DA:23,1
DA:24,1
DA:25,1
DA:26,2
DA:27,5
DA:28,1
DA:29,1
DA:30,1
DA:31,1
DA:32,1
DA:33,1
DA:34,1
DA:35,1
DA:36,1
DA:37,1
DA:38,1
DA:39,1
DA:40,1
DA:41,1
DA:42,6
DA:43,2
DA:44,2
DA:45,2
DA:46,2
DA:47,2
DA:48,6
LF:48
LH:48
BRDA:4,0,0,6
BRDA:7,1,0,5
BRDA:7,2,0,1
BRDA:11,3,0,4
BRDA:13,4,0,1
BRDA:17,5,0,3
BRDA:21,6,0,1
BRDA:25,7,0,2
BRDA:27,8,0,1
BRDA:42,9,0,2
BRF:10
BRH:10
end_of_record
TN:
SF:src\api\wrapperApi\wrapperApi.js
FN:1,Object.<anonymous>.module.exports.wrapperApi
FNF:1
FNH:1
FNDA:2,Object.<anonymous>.module.exports.wrapperApi
DA:1,1
DA:2,2
DA:3,3
DA:4,3
DA:5,3
DA:6,2
DA:7,2
DA:8,2
DA:9,2
DA:10,2
DA:11,2
DA:12,2
LF:12
LH:12
BRDA:1,0,0,2
BRDA:2,1,0,3
BRDA:4,2,0,1
BRDA:5,3,0,2
BRF:4
BRH:4
end_of_record
TN:
SF:src\models\appointments.js
FNF:0
FNH:0
DA:1,1
DA:2,1
DA:3,1
DA:4,1
DA:5,1
DA:6,1
DA:7,1
DA:8,1
DA:9,1
DA:10,1
DA:11,1
DA:12,1
DA:13,1
DA:14,1
LF:14
LH:14
BRF:0
BRH:0
end_of_record
TN:
SF:src\models\rooms.js
FNF:0
FNH:0
DA:1,1
DA:2,1
DA:3,1
DA:4,1
DA:5,1
DA:6,1
DA:7,1
DA:8,1
DA:9,1
DA:10,1
DA:11,1
DA:12,1
LF:12
LH:12
BRF:0
BRH:0
end_of_record
TN:
SF:src\models\users.js
FNF:0
FNH:0
DA:1,1
DA:2,1
DA:3,1
DA:4,1
DA:5,1
DA:6,1
DA:7,1
DA:8,1
DA:9,1
DA:10,1
DA:11,1
DA:12,1
DA:13,1
DA:14,1
DA:15,1
DA:16,1
DA:17,1
DA:18,1
DA:19,1
DA:20,1
DA:21,1
DA:22,1
DA:23,1
DA:24,1
DA:25,1
DA:26,1
DA:27,1
DA:28,1
DA:29,1
DA:30,1
DA:31,1
DA:32,1
LF:32
LH:32
BRF:0
BRH:0
end_of_record
